Log file open, 08/28/18 09:02:26
LogWindows: Failed to load 'aqProf.dll' (GetLastError=126)
LogWindows: File 'aqProf.dll' does not exist
LogWindows: Failed to load 'VSPerf140.dll' (GetLastError=126)
LogWindows: File 'VSPerf140.dll' does not exist
LogWindows: Failed to load 'VtuneApi.dll' (GetLastError=126)
LogWindows: File 'VtuneApi.dll' does not exist
LogWindows: Failed to load 'VtuneApi32e.dll' (GetLastError=126)
LogWindows: File 'VtuneApi32e.dll' does not exist
LogInit: Display: Running engine for game: EAE3010RTendean003
LogPlatformFile: Not using cached read wrapper
LogTaskGraph: Started task graph with 5 named threads and 20 total threads with 3 sets of task threads.
LogStats: Stats thread started at 0.243832
LogD3D11RHI: Loaded GFSDK_Aftermath_Lib.x64.dll
LogICUInternationalization: Display: ICU TimeZone Detection - Raw Offset: -7:00, Platform Override: ''
LogPluginManager: Mounting plugin Paper2D
LogPluginManager: Mounting plugin AISupport
LogPluginManager: Mounting plugin LightPropagationVolume
LogPluginManager: Mounting plugin CLionSourceCodeAccess
LogPluginManager: Mounting plugin CodeLiteSourceCodeAccess
LogPluginManager: Mounting plugin GitSourceControl
LogPluginManager: Mounting plugin KDevelopSourceCodeAccess
LogPluginManager: Mounting plugin NullSourceCodeAccess
LogPluginManager: Mounting plugin PerforceSourceControl
LogPluginManager: Mounting plugin SubversionSourceControl
LogPluginManager: Mounting plugin UObjectPlugin
LogPluginManager: Mounting plugin VisualStudioCodeSourceCodeAccess
LogPluginManager: Mounting plugin VisualStudioSourceCodeAccess
LogPluginManager: Mounting plugin XCodeSourceCodeAccess
LogPluginManager: Mounting plugin AssetManagerEditor
LogPluginManager: Mounting plugin CryptoKeys
LogPluginManager: Mounting plugin DataValidation
LogPluginManager: Mounting plugin FacialAnimation
LogPluginManager: Mounting plugin GameplayTagsEditor
LogPluginManager: Mounting plugin MacGraphicsSwitching
LogPluginManager: Mounting plugin MeshEditor
LogPluginManager: Mounting plugin MobileLauncherProfileWizard
LogPluginManager: Mounting plugin PluginBrowser
LogPluginManager: Mounting plugin SpeedTreeImporter
LogPluginManager: Mounting plugin DatasmithContent
LogPluginManager: Mounting plugin AlembicImporter
LogPluginManager: Mounting plugin AppleImageUtils
LogPluginManager: Mounting plugin AppleVision
LogPluginManager: Mounting plugin BackChannel
LogPluginManager: Mounting plugin CharacterAI
LogPluginManager: Mounting plugin GeometryCache
LogPluginManager: Mounting plugin HTML5Networking
LogPluginManager: Mounting plugin ProxyLODPlugin
LogPluginManager: Mounting plugin MagicLeap
LogPluginManager: Mounting plugin MagicLeapEmulator
LogPluginManager: Mounting plugin MagicLeapMedia
LogPluginManager: Mounting plugin AndroidMedia
LogPluginManager: Mounting plugin AvfMedia
LogPluginManager: Mounting plugin ImgMedia
LogPluginManager: Mounting plugin LinearTimecode
LogPluginManager: Mounting plugin MediaCompositing
LogPluginManager: Mounting plugin MediaPlayerEditor
LogPluginManager: Mounting plugin WmfMedia
LogPluginManager: Mounting plugin TcpMessaging
LogPluginManager: Mounting plugin UdpMessaging
LogPluginManager: Mounting plugin ActorSequence
LogPluginManager: Mounting plugin LevelSequenceEditor
LogPluginManager: Mounting plugin MatineeToLevelSequence
LogPluginManager: Mounting plugin NetcodeUnitTest
LogPluginManager: Mounting plugin NUTUnrealEngine4
LogPluginManager: Mounting plugin OnlineSubsystemGooglePlay
LogPluginManager: Mounting plugin OnlineSubsystemIOS
LogPluginManager: Mounting plugin OnlineSubsystem
LogPluginManager: Mounting plugin OnlineSubsystemNull
LogPluginManager: Mounting plugin OnlineSubsystemUtils
LogPluginManager: Mounting plugin LauncherChunkInstaller
LogPluginManager: Mounting plugin AndroidDeviceProfileSelector
LogPluginManager: Mounting plugin AndroidMoviePlayer
LogPluginManager: Mounting plugin AndroidPermission
LogPluginManager: Mounting plugin AppleMoviePlayer
LogPluginManager: Mounting plugin ArchVisCharacter
LogPluginManager: Mounting plugin AudioCapture
LogPluginManager: Mounting plugin CableComponent
LogPluginManager: Mounting plugin CustomMeshComponent
LogPluginManager: Mounting plugin EditableMesh
LogPluginManager: Mounting plugin ExampleDeviceProfileSelector
LogPluginManager: Mounting plugin GoogleCloudMessaging
LogPluginManager: Mounting plugin ImmediatePhysics
LogPluginManager: Mounting plugin IOSDeviceProfileSelector
LogPluginManager: Mounting plugin LinuxDeviceProfileSelector
LogPluginManager: Mounting plugin LocationServicesBPLibrary
LogPluginManager: Mounting plugin MobilePatchingUtils
LogPluginManager: Mounting plugin OculusVR
LogPluginManager: Plugin shader directory ../../../Engine/Plugins/Runtime/Oculus/OculusVR/Shaders found
LogPluginManager: Mapping shader source directory ../../../Engine/Plugins/Runtime/Oculus/OculusVR/Shaders to virtual directory /Plugin/OculusVR
LogPluginManager: Mounting plugin PhysXVehicles
LogPluginManager: Mounting plugin ProceduralMeshComponent
LogPluginManager: Mounting plugin RuntimePhysXCooking
LogPluginManager: Mounting plugin SteamVR
LogPluginManager: Mounting plugin WindowsMoviePlayer
LogStreaming: Display: Took  0.199s to configure plugins.
LogInit: Using libcurl 7.55.1-DEV
LogInit:  - built for x86_64-pc-win32
LogInit:  - supports SSL with OpenSSL/1.0.2h
LogInit:  - supports HTTP deflate (compression) using libz 1.2.8
LogInit:  - other features:
LogInit:      CURL_VERSION_SSL
LogInit:      CURL_VERSION_LIBZ
LogInit:      CURL_VERSION_IPV6
LogInit:      CURL_VERSION_ASYNCHDNS
LogInit:      CURL_VERSION_LARGEFILE
LogInit:      CURL_VERSION_IDN
LogInit:  CurlRequestOptions (configurable via config and command line):
LogInit:  - bVerifyPeer = false  - Libcurl will NOT verify peer certificate
LogInit:  - bUseHttpProxy = false  - Libcurl will NOT use HTTP proxy
LogInit:  - bDontReuseConnections = false  - Libcurl will reuse connections
LogInit:  - CertBundlePath = nullptr  - Libcurl will use whatever was configured at build time.
LogInit:  - MaxHostConnections = 16  - Libcurl will limit the number of connections to a host
LogInit:  - LocalHostAddr = Default
LogInit:  - BufferSize = 65536
LogInit: WinSock: version 1.1 (2.2), MaxSocks=32767, MaxUdp=65467
LogInit: Build: ++UE4+Release-4.20-CL-4302132
LogInit: Engine Version: 4.20.2-4302132+++UE4+Release-4.20
LogInit: Compatible Engine Version: 4.20.0-4212847+++UE4+Release-4.20
LogInit: Net CL: 4212847
LogInit: OS: Windows 10 (), CPU: Intel(R) Core(TM) i5-8600K CPU @ 3.60GHz, GPU: NVIDIA GeForce GTX 1070
LogInit: Compiled (64-bit): Aug 21 2018 02:06:06
LogInit: Compiled with Visual C++: 19.13.26129.00
LogInit: Build Configuration: Development
LogInit: Branch Name: ++UE4+Release-4.20
LogInit: Command Line: -EpicPortal 
LogInit: Base Directory: C:/Program Files/Epic Games/UE_4.20/Engine/Binaries/Win64/
LogInit: Installed Engine Build: 1
LogDevObjectVersion: Number of dev versions registered: 20
LogDevObjectVersion:   Dev-Blueprints (B0D832E4-1F89-4F0D-ACCF-7EB736FD4AA2): 10
LogDevObjectVersion:   Dev-Build (E1C64328-A22C-4D53-A36C-8E866417BD8C): 0
LogDevObjectVersion:   Dev-Core (375EC13C-06E4-48FB-B500-84F0262A717E): 2
LogDevObjectVersion:   Dev-Editor (E4B068ED-F494-42E9-A231-DA0B2E46BB41): 24
LogDevObjectVersion:   Dev-Framework (CFFC743F-43B0-4480-9391-14DF171D2073): 34
LogDevObjectVersion:   Dev-Mobile (B02B49B5-BB20-44E9-A304-32B752E40360): 2
LogDevObjectVersion:   Dev-Networking (A4E4105C-59A1-49B5-A7C5-40C4547EDFEE): 0
LogDevObjectVersion:   Dev-Online (39C831C9-5AE6-47DC-9A44-9C173E1C8E7C): 0
LogDevObjectVersion:   Dev-Physics (78F01B33-EBEA-4F98-B9B4-84EACCB95AA2): 0
LogDevObjectVersion:   Dev-Platform (6631380F-2D4D-43E0-8009-CF276956A95A): 0
LogDevObjectVersion:   Dev-Rendering (12F88B9F-8875-4AFC-A67C-D90C383ABD29): 26
LogDevObjectVersion:   Dev-Sequencer (7B5AE74C-D270-4C10-A958-57980B212A5A): 9
LogDevObjectVersion:   Dev-VR (D7296918-1DD6-4BDD-9DE2-64A83CC13884): 2
LogDevObjectVersion:   Dev-LoadTimes (C2A15278-BFE7-4AFE-6C17-90FF531DF755): 1
LogDevObjectVersion:   Private-Geometry (6EACA3D4-40EC-4CC1-B786-8BED09428FC5): 3
LogDevObjectVersion:   Dev-AnimPhys (29E575DD-E0A3-4627-9D10-D276232CDCEA): 17
LogDevObjectVersion:   Dev-ReflectionCapture (6B266CEC-1EC7-4B8F-A30B-E4D90942FC07): 1
LogDevObjectVersion:   Dev-Automation (0DF73D61-A23F-47EA-B727-89E90C41499A): 1
LogDevObjectVersion:   FortniteMain (601D1886-AC64-4F84-AA16-D3DE0DEAC7D6): 12
LogDevObjectVersion:   Dev-Enterprise (9DFFBCD6-494F-0158-E221-12823C92A888): 1
LogStreaming: Display: Took  0.001s to delete old logs.
LogInit: Presizing for max 8388607 objects, including 0 objects not considered by GC, pre-allocating 0 bytes for permanent pool.
LogInit: Object subsystem initialized
[2018.08.28-15.02.27:406][  0]LogInit: Selected Device Profile: [Windows]
[2018.08.28-15.02.27:406][  0]LogInit: Applying CVar settings loaded from the selected device profile: [Windows]
[2018.08.28-15.02.27:427][  0]LogHAL: Display: Platform has ~ 16 GB [17110630400 / 17179869184 / 16], which maps to Larger [LargestMinGB=32, LargerMinGB=12, DefaultMinGB=8, SmallerMinGB=6, SmallestMinGB=0)
[2018.08.28-15.02.27:427][  0]LogInit: Setting Device Profile CVar: [[r.Vulkan.UseRealUBs:1]]
[2018.08.28-15.02.27:427][  0]LogInit: Going up to parent DeviceProfile []
[2018.08.28-15.02.27:428][  0]LogInit: Computer: DESKTOP-2B
[2018.08.28-15.02.27:428][  0]LogInit: User: Richard
[2018.08.28-15.02.27:428][  0]LogInit: CPU Page size=4096, Cores=6
[2018.08.28-15.02.27:428][  0]LogInit: High frequency timer resolution =3.515626 MHz
[2018.08.28-15.02.27:428][  0]LogMemory: Memory total: Physical=15.9GB (16GB approx)
[2018.08.28-15.02.27:428][  0]LogMemory: Platform Memory Stats for Windows
[2018.08.28-15.02.27:428][  0]LogMemory: Process Physical Memory: 100.29 MB used, 100.29 MB peak
[2018.08.28-15.02.27:428][  0]LogMemory: Process Virtual Memory: 84.78 MB used, 84.78 MB peak
[2018.08.28-15.02.27:428][  0]LogMemory: Physical Memory: 6972.70 MB used,  9345.27 MB free, 16317.97 MB total
[2018.08.28-15.02.27:428][  0]LogMemory: Virtual Memory: 4615.73 MB used,  9345.27 MB free, 134217728.00 MB total
[2018.08.28-15.02.27:453][  0]LogInit: Using OS detected language (en-US).
[2018.08.28-15.02.27:453][  0]LogInit: Using OS detected locale (en-US).
[2018.08.28-15.02.27:455][  0]LogTextLocalizationManager: No specific localization for 'en-US' exists, so the 'en' localization will be used.
[2018.08.28-15.02.27:736][  0]LogStreaming: Display: Took  0.282s to InitEngineTextLocalization.
[2018.08.28-15.02.27:736][  0]LogInit: Setting process to per monitor DPI aware
[2018.08.28-15.02.27:762][  0]LogSlate: New Slate User Created.  User Index 0, Is Virtual User: 0
[2018.08.28-15.02.27:762][  0]LogSlate: Slate User Registered.  User Index 0, Is Virtual User: 0
[2018.08.28-15.02.27:950][  0]LogHMD: Failed to initialize OpenVR with code 110
[2018.08.28-15.02.27:950][  0]LogD3D11RHI: D3D11 adapters:
[2018.08.28-15.02.27:998][  0]LogD3D11RHI:    0. 'NVIDIA GeForce GTX 1070' (Feature Level 11_0)
[2018.08.28-15.02.27:998][  0]LogD3D11RHI:       8088/0/8158 MB DedicatedVideo/DedicatedSystem/SharedSystem, Outputs:1, VendorId:0x10de
[2018.08.28-15.02.28:000][  0]LogD3D11RHI:    1. 'Microsoft Basic Render Driver' (Feature Level 11_0)
[2018.08.28-15.02.28:000][  0]LogD3D11RHI:       0/0/8158 MB DedicatedVideo/DedicatedSystem/SharedSystem, Outputs:0, VendorId:0x1414
[2018.08.28-15.02.28:000][  0]LogD3D11RHI: Chosen D3D11 Adapter: 0
[2018.08.28-15.02.28:006][  0]LogD3D11RHI: Creating new Direct3DDevice
[2018.08.28-15.02.28:006][  0]LogD3D11RHI:     GPU DeviceId: 0x1b81 (for the marketing name, search the web for "GPU Device Id")
[2018.08.28-15.02.28:006][  0]LogWindows: EnumDisplayDevices:
[2018.08.28-15.02.28:006][  0]LogWindows:    0. 'NVIDIA GeForce GTX 1070' (P:1 D:1)
[2018.08.28-15.02.28:006][  0]LogWindows:    1. 'NVIDIA GeForce GTX 1070' (P:0 D:0)
[2018.08.28-15.02.28:006][  0]LogWindows:    2. 'NVIDIA GeForce GTX 1070' (P:0 D:0)
[2018.08.28-15.02.28:007][  0]LogWindows:    3. 'NVIDIA GeForce GTX 1070' (P:0 D:0)
[2018.08.28-15.02.28:007][  0]LogWindows: DebugString: FoundDriverCount:4 
[2018.08.28-15.02.28:007][  0]LogD3D11RHI:     Adapter Name: NVIDIA GeForce GTX 1070
[2018.08.28-15.02.28:007][  0]LogD3D11RHI:   Driver Version: 399.07 (internal:24.21.13.9907, unified:399.07)
[2018.08.28-15.02.28:007][  0]LogD3D11RHI:      Driver Date: 8-21-2018
[2018.08.28-15.02.28:007][  0]LogRHI: Texture pool is 5661 MB (70% of 8088 MB)
[2018.08.28-15.02.28:038][  0]LogD3D11RHI: Async texture creation enabled
[2018.08.28-15.02.28:054][  0]LogD3D11RHI: GPU Timing Frequency: 1000.000000 (Debug: 2 2)
[2018.08.28-15.02.28:105][  0]LogShaderCompilers: Guid format shader working directory is -29 characters bigger than the processId version (../../../../../../Users/Richard/Documents/Unreal Projects/EAE3010RTendean003/Intermediate/Shaders/WorkingDirectory/10252/).
[2018.08.28-15.02.28:106][  0]LogShaderCompilers: Cleaned the shader compiler working directory 'C:/Users/Richard/AppData/Local/Temp/UnrealShaderWorkingDir/2082F0924A1C6F539B489C83FC07EB81/'.
[2018.08.28-15.02.28:298][  0]LogTemp: Display: Loaded TP AllDesktopTargetPlatform
[2018.08.28-15.02.28:308][  0]LogTemp: Display: Loaded TP MacClientTargetPlatform
[2018.08.28-15.02.28:319][  0]LogTemp: Display: Loaded TP MacNoEditorTargetPlatform
[2018.08.28-15.02.28:329][  0]LogTemp: Display: Loaded TP MacServerTargetPlatform
[2018.08.28-15.02.28:340][  0]LogTemp: Display: Loaded TP MacTargetPlatform
[2018.08.28-15.02.28:350][  0]LogTemp: Display: Loaded TP WindowsClientTargetPlatform
[2018.08.28-15.02.28:362][  0]LogTemp: Display: Loaded TP WindowsNoEditorTargetPlatform
[2018.08.28-15.02.28:372][  0]LogTemp: Display: Loaded TP WindowsServerTargetPlatform
[2018.08.28-15.02.28:377][  0]LogTemp: Display: Loaded TP WindowsTargetPlatform
[2018.08.28-15.02.28:437][  0]LogTemp: Display: Loaded TP AndroidTargetPlatform
[2018.08.28-15.02.28:437][  0]LogTemp: Display: Loaded TP AndroidTargetPlatform
[2018.08.28-15.02.28:437][  0]LogTemp: Display: Loaded TP AndroidTargetPlatform
[2018.08.28-15.02.28:437][  0]LogTemp: Display: Loaded TP AndroidTargetPlatform
[2018.08.28-15.02.28:437][  0]LogTemp: Display: Loaded TP AndroidTargetPlatform
[2018.08.28-15.02.28:437][  0]LogTemp: Display: Loaded TP AndroidTargetPlatform
[2018.08.28-15.02.28:437][  0]LogTemp: Display: Loaded TP AndroidTargetPlatform
[2018.08.28-15.02.28:437][  0]LogTemp: Display: Loaded TP AndroidTargetPlatform
[2018.08.28-15.02.28:437][  0]LogTemp: Display: Loaded TP AndroidTargetPlatform
[2018.08.28-15.02.28:437][  0]LogTemp: Display: Loaded TP AndroidTargetPlatform
[2018.08.28-15.02.28:437][  0]LogTemp: Display: Loaded TP AndroidTargetPlatform
[2018.08.28-15.02.28:437][  0]LogTemp: Display: Loaded TP AndroidTargetPlatform
[2018.08.28-15.02.28:437][  0]LogTemp: Display: Loaded TP AndroidTargetPlatform
[2018.08.28-15.02.28:437][  0]LogTemp: Display: Loaded TP AndroidTargetPlatform
[2018.08.28-15.02.28:437][  0]LogTemp: Display: Loaded TP AndroidTargetPlatform
[2018.08.28-15.02.28:437][  0]LogTemp: Display: Loaded TP AndroidTargetPlatform
[2018.08.28-15.02.28:437][  0]LogTemp: Display: Loaded TP AndroidTargetPlatform
[2018.08.28-15.02.28:437][  0]LogTemp: Display: Loaded TP AndroidTargetPlatform
[2018.08.28-15.02.28:438][  0]LogTemp: Display: Loaded TP HTML5TargetPlatform
[2018.08.28-15.02.28:493][  0]LogTemp: Display: Loaded TP IOSTargetPlatform
[2018.08.28-15.02.28:493][  0]LogTemp: Display: Loaded TP IOSTargetPlatform
[2018.08.28-15.02.28:510][  0]LogTemp: Display: Loaded TP TVOSTargetPlatform
[2018.08.28-15.02.28:510][  0]LogTemp: Display: Loaded TP TVOSTargetPlatform
[2018.08.28-15.02.28:520][  0]LogTemp: Display: Loaded TP LinuxClientTargetPlatform
[2018.08.28-15.02.28:530][  0]LogTemp: Display: Loaded TP LinuxNoEditorTargetPlatform
[2018.08.28-15.02.28:540][  0]LogTemp: Display: Loaded TP LinuxServerTargetPlatform
[2018.08.28-15.02.28:551][  0]LogTemp: Display: Loaded TP LinuxTargetPlatform
[2018.08.28-15.02.28:559][  0]LogTemp: Display: Loaded TP LuminTargetPlatform
[2018.08.28-15.02.28:559][  0]LogTargetPlatformManager: Display: Building Assets For Windows
[2018.08.28-15.02.28:608][  0]LogXGEController: Cannot use XGE Controller as Incredibuild is not installed on this machine.
[2018.08.28-15.02.28:609][  0]LogShaderCompilers: Cannot use XGE Shader Compiler as Incredibuild is not installed on this machine.
[2018.08.28-15.02.28:609][  0]LogShaderCompilers: Display: Using Local Shader Compiler.
[2018.08.28-15.02.29:197][  0]LogDerivedDataCache: Display: Max Cache Size: 512 MB
[2018.08.28-15.02.29:242][  0]LogDerivedDataCache: Loaded boot cache 0.04s 71MB C:/Users/Richard/AppData/Local/UnrealEngine/4.20/DerivedDataCache/Boot.ddc.
[2018.08.28-15.02.29:242][  0]LogDerivedDataCache: Display: Loaded Boot cache: C:/Users/Richard/AppData/Local/UnrealEngine/4.20/DerivedDataCache/Boot.ddc
[2018.08.28-15.02.29:242][  0]LogDerivedDataCache: FDerivedDataBackendGraph:  Pak pak cache file ../../../../../../Users/Richard/Documents/Unreal Projects/EAE3010RTendean003/DerivedDataCache/DDC.ddp not found, will not use a pak cache.
[2018.08.28-15.02.29:242][  0]LogDerivedDataCache: Unable to find inner node Pak for hierarchical cache Hierarchy.
[2018.08.28-15.02.29:243][  0]LogDerivedDataCache: FDerivedDataBackendGraph:  CompressedPak pak cache file ../../../../../../Users/Richard/Documents/Unreal Projects/EAE3010RTendean003/DerivedDataCache/Compressed.ddp not found, will not use a pak cache.
[2018.08.28-15.02.29:243][  0]LogDerivedDataCache: Unable to find inner node CompressedPak for hierarchical cache Hierarchy.
[2018.08.28-15.02.29:252][  0]LogDerivedDataCache: Display: Pak cache opened for reading ../../../Engine/DerivedDataCache/Compressed.ddp.
[2018.08.28-15.02.29:265][  0]LogDerivedDataCache: Using Local data cache path C:/Users/Richard/AppData/Local/UnrealEngine/Common/DerivedDataCache: Writable
[2018.08.28-15.02.29:265][  0]LogDerivedDataCache: Shared data cache path not found in *engine.ini, will not use an Shared cache.
[2018.08.28-15.02.29:265][  0]LogDerivedDataCache: Unable to find inner node Shared for hierarchical cache Hierarchy.
[2018.08.28-15.02.29:288][  0]LogMaterial: Verifying Global Shaders for PCD3D_SM5
[2018.08.28-15.02.29:289][  0]LogSlate: Using FreeType 2.6.0
[2018.08.28-15.02.29:290][  0]LogSlate: SlateFontServices - WITH_FREETYPE: 1, WITH_HARFBUZZ: 1
[2018.08.28-15.02.29:363][  0]LogAssetRegistry: FAssetRegistry took 0.0255 seconds to start up
[2018.08.28-15.02.29:607][  0]LogInit: Selected Device Profile: [Windows]
[2018.08.28-15.02.29:714][  0]LogSimplygon: Simplygon DLL not present - disabling.
[2018.08.28-15.02.29:718][  0]LogMeshReduction: Using SimplygonSwarm for distributed automatic mesh merging
[2018.08.28-15.02.29:718][  0]LogMeshReduction: Using ProxyLODMeshReduction for automatic mesh merging
[2018.08.28-15.02.29:718][  0]LogMeshReduction: Using QuadricMeshReduction for automatic static mesh reduction
[2018.08.28-15.02.29:718][  0]LogMeshReduction: No automatic skeletal mesh reduction module available
[2018.08.28-15.02.29:729][  0]LogNetVersion: EAE3010RTendean003 1.0.0, NetCL: 4212847, EngineNetVer: 5, GameNetVer: 0 (Checksum: 1542691228)
[2018.08.28-15.02.30:197][  0]LogPackageLocalizationCache: Processed 11 localized package path(s) for 2 prioritized culture(s) in 0.129644 seconds
[2018.08.28-15.02.30:202][  0]LogUObjectArray: 38425 objects as part of root set at end of initial load.
[2018.08.28-15.02.30:202][  0]LogUObjectAllocator: 6690872 out of 0 bytes used by permanent object pool.
[2018.08.28-15.02.30:202][  0]LogUObjectArray: CloseDisregardForGC: 0/0 objects in disregard for GC pool
[2018.08.28-15.02.30:994][  0]LogTcpMessaging: Initializing TcpMessaging bridge
[2018.08.28-15.02.31:007][  0]LogUdpMessaging: Initializing bridge on interface 0.0.0.0:0 to multicast group 230.0.0.1:6666.
[2018.08.28-15.02.31:166][  0]SourceControl: Source control is disabled
[2018.08.28-15.02.31:166][  0]SourceControl: Source control is disabled
[2018.08.28-15.02.31:168][  0]SourceControl: Source control is disabled
[2018.08.28-15.02.31:170][  0]SourceControl: Source control is disabled
[2018.08.28-15.02.31:349][  0]LogAndroidPermission: UAndroidPermissionCallbackProxy::GetInstance
[2018.08.28-15.02.31:397][  0]LogOcInput: OculusInput pre-init called
[2018.08.28-15.02.31:447][  0]LogEngine: Initializing Engine...
[2018.08.28-15.02.31:448][  0]LogHMD: Failed to initialize OpenVR with code 110
[2018.08.28-15.02.31:449][  0]LogStats: UGameplayTagsManager::ConstructGameplayTagTree: ImportINI prefixes -  0.000 s
[2018.08.28-15.02.31:449][  0]LogStats: UGameplayTagsManager::ConstructGameplayTagTree: Construct from data asset -  0.000 s
[2018.08.28-15.02.31:449][  0]LogStats: UGameplayTagsManager::ConstructGameplayTagTree: ImportINI -  0.000 s
[2018.08.28-15.02.31:449][  0]LogStats: UGameplayTagsManager::ConstructGameplayTagTree: GameplayTagTreeChangedEvent.Broadcast -  0.000 s
[2018.08.28-15.02.31:614][  0]LogInit: Initializing FReadOnlyCVARCache
[2018.08.28-15.02.31:625][  0]LogAIModule: Creating AISystem for world Untitled
[2018.08.28-15.02.31:634][  0]LogInit: XAudio2 using 'Speakers (Realtek High Definition Audio)' : 2 channels at 48 kHz using 32 bits per sample (channel mask 0x3)
[2018.08.28-15.02.31:652][  0]LogInit: FAudioDevice initialized.
[2018.08.28-15.02.31:652][  0]LogNetVersion: Set ProjectVersion to 1.0.0.0. Version Checksum will be recalculated on next use.
[2018.08.28-15.02.31:745][  0]LogDerivedDataCache: Saved boot cache 0.09s 71MB C:/Users/Richard/AppData/Local/UnrealEngine/4.20/DerivedDataCache/Boot.ddc.
[2018.08.28-15.02.31:755][  0]LogInit: Texture streaming: Enabled
[2018.08.28-15.02.31:769][  0]LogEngineSessionManager: EngineSessionManager initialized
[2018.08.28-15.02.31:780][  0]LogInit: Transaction tracking system initialized
[2018.08.28-15.02.31:798][  0]BlueprintLog: New page: Editor Load
[2018.08.28-15.02.31:862][  0]LocalizationService: Localization service is disabled
[2018.08.28-15.02.32:098][  0]LogCook: Display: Max memory allowance for cook 16384mb min free memory 0mb
[2018.08.28-15.02.32:098][  0]LogCook: Display: Mobile HDR setting 1
[2018.08.28-15.02.32:098][  0]LogGameplayTags: Display: UGameplayTagsManager::DoneAddingNativeTags. DelegateIsBound: 0
[2018.08.28-15.02.32:098][  0]LogStats: UGameplayTagsManager::ConstructGameplayTagTree: ImportINI prefixes -  0.000 s
[2018.08.28-15.02.32:098][  0]LogStats: UGameplayTagsManager::ConstructGameplayTagTree: Construct from data asset -  0.000 s
[2018.08.28-15.02.32:098][  0]LogStats: UGameplayTagsManager::ConstructGameplayTagTree: ImportINI -  0.000 s
[2018.08.28-15.02.32:098][  0]LogStats: UGameplayTagsManager::ConstructGameplayTagTree: GameplayTagTreeChangedEvent.Broadcast -  0.000 s
[2018.08.28-15.02.32:202][  0]LogFileCache: Scanning file cache for directory 'C:/Users/Richard/Documents/Unreal Projects/EAE3010RTendean003/Content/' took 0.01s
[2018.08.28-15.02.32:202][  0]SourceControl: Source control is disabled
[2018.08.28-15.02.32:202][  0]Cmd: MAP LOAD FILE="../../../../../../Users/Richard/Documents/Unreal Projects/EAE3010RTendean003/Content/ThirdPersonBP/Maps/ThirdPersonExampleMap.umap" TEMPLATE=0 SHOWPROGRESS=1 FEATURELEVEL=3
[2018.08.28-15.02.32:202][  0]LightingResults: New page: Lighting Build
[2018.08.28-15.02.32:204][  0]MapCheck: New page: Map Check
[2018.08.28-15.02.32:204][  0]LightingResults: New page: Lighting Build
[2018.08.28-15.02.32:558][  0]LogAIModule: Creating AISystem for world ThirdPersonExampleMap
[2018.08.28-15.02.32:566][  0]LogEditorServer: Finished looking for orphan Actors (0.000 secs)
[2018.08.28-15.02.32:588][  0]Cmd: MAP CHECKDEP NOCLEARLOG
[2018.08.28-15.02.32:683][  0]MapCheck: Map check complete: 0 Error(s), 0 Warning(s), took 95.82ms to complete.
[2018.08.28-15.02.32:683][  0]LogFileHelpers: Loading map 'ThirdPersonExampleMap' took 0.482
[2018.08.28-15.02.32:782][  0]LogSlate: Updating window title bar state: overlay mode, drag disabled, window buttons hidden, title bar hidden
[2018.08.28-15.02.32:787][  0]LogSlate: Updating window title bar state: overlay mode, drag disabled, window buttons hidden, title bar hidden
[2018.08.28-15.02.32:793][  0]LogSlate: Updating window title bar state: overlay mode, drag disabled, window buttons hidden, title bar hidden
[2018.08.28-15.02.32:798][  0]LogSlate: Updating window title bar state: overlay mode, drag disabled, window buttons hidden, title bar hidden
[2018.08.28-15.02.32:803][  0]LogCollectionManager: Loaded 0 collections in 0.001288 seconds
[2018.08.28-15.02.32:859][  0]LogFileCache: Scanning file cache for directory 'C:/Users/Richard/Documents/Unreal Projects/EAE3010RTendean003/Saved/Collections/' took 0.01s
[2018.08.28-15.02.32:859][  0]LogFileCache: Scanning file cache for directory 'C:/Users/Richard/Documents/Unreal Projects/EAE3010RTendean003/Content/Developers/Richard/Collections/' took 0.01s
[2018.08.28-15.02.32:859][  0]LogFileCache: Scanning file cache for directory 'C:/Users/Richard/Documents/Unreal Projects/EAE3010RTendean003/Content/Collections/' took 0.01s
[2018.08.28-15.02.32:859][  0]LogCollectionManager: Rebuilt the GUID cache for 0 collections in 0.000001 seconds
[2018.08.28-15.02.32:872][  0]LogContentBrowser: Native class hierarchy populated in 0.0130 seconds. Added 2572 classes and 603 folders.
[2018.08.28-15.02.32:878][  0]LogContentBrowser: Native class hierarchy updated for 'WidgetCarousel' in 0.0002 seconds. Added 0 classes and 0 folders.
[2018.08.28-15.02.32:935][  0]LogContentBrowser: Native class hierarchy updated for 'AddContentDialog' in 0.0002 seconds. Added 0 classes and 0 folders.
[2018.08.28-15.02.32:939][  0]LogContentBrowser: Native class hierarchy updated for 'SceneOutliner' in 0.0002 seconds. Added 1 classes and 2 folders.
[2018.08.28-15.02.32:950][  0]LogSlate: Took 0.000278 seconds to synchronously load lazily loaded font '../../../Engine/Content/Slate/Fonts/Roboto-Regular.ttf' (155K)
[2018.08.28-15.02.32:951][  0]LogSlate: Took 0.000235 seconds to synchronously load lazily loaded font '../../../Engine/Content/Slate/Fonts/Roboto-Bold.ttf' (160K)
[2018.08.28-15.02.32:957][  0]LogSlate: Took 0.000347 seconds to synchronously load lazily loaded font '../../../Engine/Content/Editor/Slate/Fonts/FontAwesome.ttf' (139K)
[2018.08.28-15.02.33:020][  0]LogRenderer: Reallocating scene render targets to support 1208x576 Format 10 NumSamples 1 (Frame:1).
[2018.08.28-15.02.33:109][  0]LogContentBrowser: Native class hierarchy updated for 'HierarchicalLODOutliner' in 0.0002 seconds. Added 0 classes and 0 folders.
[2018.08.28-15.02.33:109][  0]LogLoad: (Engine Initialization) Total time: 7.66 seconds
[2018.08.28-15.02.33:109][  0]LogLoad: (Engine Initialization) Total Blueprint compile time: 0.00 seconds
[2018.08.28-15.02.33:118][  0]LogWindowsTextInputMethodSystem: Display: IME system now deactivated.
[2018.08.28-15.02.33:134][  0]LogAssetRegistry: Asset discovery search completed in 3.7940 seconds
[2018.08.28-15.02.33:135][  0]LogCollectionManager: Rebuilt the object cache for 0 collections in 0.000000 seconds (found 0 objects)
[2018.08.28-15.02.33:135][  0]LogCollectionManager: Fixed up redirectors for 0 collections in 0.000039 seconds (updated 0 objects)
[2018.08.28-15.02.33:137][  0]LogContentStreaming: Texture pool size now 1000 MB
[2018.08.28-15.02.33:167][  0]LogSlate: Took 0.000284 seconds to synchronously load lazily loaded font '../../../Engine/Content/Slate/Fonts/Roboto-Light.ttf' (167K)
[2018.08.28-15.02.37:919][567]LogSlate: FSceneViewport::OnFocusLost() reason 0
[2018.08.28-15.02.51:318][164]LogEditorActor: Deleted Actor: StaticMeshActor
[2018.08.28-15.02.51:338][164]LogEditorActor: Deleted 1 Actors (0.022 secs)
[2018.08.28-15.02.51:927][232]LogEditorActor: Deleted Actor: StaticMeshActor
[2018.08.28-15.02.51:945][232]LogEditorActor: Deleted 1 Actors (0.020 secs)
[2018.08.28-15.02.52:612][309]LogEditorActor: Deleted Actor: StaticMeshActor
[2018.08.28-15.02.52:631][309]LogEditorActor: Deleted 1 Actors (0.021 secs)
[2018.08.28-15.02.53:336][391]LogEditorActor: Deleted Actor: StaticMeshActor
[2018.08.28-15.02.53:354][391]LogEditorActor: Deleted 1 Actors (0.020 secs)
[2018.08.28-15.02.54:312][506]LogEditorViewport: Clicking on Actor (LMB): StaticMeshActor (Bump_StaticMesh)
[2018.08.28-15.02.54:656][543]Cmd: DELETE
[2018.08.28-15.02.54:656][543]Cmd: ACTOR DELETE
[2018.08.28-15.02.54:662][543]LogEditorActor: Deleted Actor: StaticMeshActor
[2018.08.28-15.02.54:681][543]LogEditorActor: Deleted 1 Actors (0.021 secs)
[2018.08.28-15.02.54:990][580]LogEditorViewport: Clicking on Actor (LMB): StaticMeshActor (Ramp_StaticMesh)
[2018.08.28-15.02.55:117][591]Cmd: DELETE
[2018.08.28-15.02.55:117][591]Cmd: ACTOR DELETE
[2018.08.28-15.02.55:119][591]LogEditorActor: Deleted Actor: StaticMeshActor
[2018.08.28-15.02.55:137][591]LogEditorActor: Deleted 1 Actors (0.020 secs)
[2018.08.28-15.02.55:656][653]LogEditorViewport: Clicking on Actor (LMB): StaticMeshActor (CubeMesh)
[2018.08.28-15.02.55:765][662]Cmd: DELETE
[2018.08.28-15.02.55:765][662]Cmd: ACTOR DELETE
[2018.08.28-15.02.55:767][662]LogEditorActor: Deleted Actor: StaticMeshActor
[2018.08.28-15.02.55:787][662]LogEditorActor: Deleted 1 Actors (0.021 secs)
[2018.08.28-15.02.56:361][729]LogEditorViewport: Clicking on Actor (LMB): StaticMeshActor (LeftArm_StaticMesh)
[2018.08.28-15.02.56:793][777]Cmd: DELETE
[2018.08.28-15.02.56:793][777]Cmd: ACTOR DELETE
[2018.08.28-15.02.56:795][777]LogEditorActor: Deleted Actor: StaticMeshActor
[2018.08.28-15.02.56:813][777]LogEditorActor: Deleted 1 Actors (0.020 secs)
[2018.08.28-15.02.57:250][829]LogEditorViewport: Clicking on Actor (LMB): StaticMeshActor (Floor)
[2018.08.28-15.02.58:344][956]Cmd: DELETE
[2018.08.28-15.02.58:344][956]Cmd: ACTOR DELETE
[2018.08.28-15.02.58:346][956]LogEditorActor: Deleted Actor: StaticMeshActor
[2018.08.28-15.02.58:365][956]LogEditorActor: Deleted 1 Actors (0.020 secs)
[2018.08.28-15.02.59:287][ 66]LogEditorViewport: Clicking on Actor (LMB): StaticMeshActor (RightArm_StaticMesh)
[2018.08.28-15.02.59:945][141]Cmd: DELETE
[2018.08.28-15.02.59:945][141]Cmd: ACTOR DELETE
[2018.08.28-15.02.59:947][141]LogEditorActor: Deleted Actor: StaticMeshActor
[2018.08.28-15.02.59:966][141]LogEditorActor: Deleted 1 Actors (0.021 secs)
[2018.08.28-15.03.01:436][316]LogEditorViewport: Clicking on Actor (LMB): LightmassImportanceVolume (LightmassImportanceVolume)
[2018.08.28-15.03.01:991][379]LogEditorViewport: Clicking on Actor (LMB): LightmassImportanceVolume (LightmassImportanceVolume)
[2018.08.28-15.03.05:114][742]LogEditorViewport: Clicking on Actor (LMB): StaticMeshActor (Linear_Stair_StaticMesh)
[2018.08.28-15.03.05:947][835]Cmd: DELETE
[2018.08.28-15.03.05:947][835]Cmd: ACTOR DELETE
[2018.08.28-15.03.05:949][835]LogEditorActor: Deleted Actor: StaticMeshActor
[2018.08.28-15.03.05:967][835]LogEditorActor: Deleted 1 Actors (0.020 secs)
[2018.08.28-15.03.12:760][633]LogSlate: FSceneViewport::OnFocusLost() reason 0
[2018.08.28-15.03.32:648][ 12]LogSlate: FSceneViewport::OnFocusLost() reason 2
[2018.08.28-15.04.04:331][806]Cmd: DELETE
[2018.08.28-15.04.04:350][806]Cmd: ACTOR DELETE
[2018.08.28-15.04.04:353][806]LogEditorActor: Deleted Actor: Brush
[2018.08.28-15.04.04:382][806]LogEditorActor: Deleted 1 Actors (0.031 secs)
[2018.08.28-15.04.05:454][931]Cmd: DELETE
[2018.08.28-15.04.05:474][931]Cmd: ACTOR DELETE
[2018.08.28-15.04.05:476][931]LogEditorActor: Deleted Actor: Brush
[2018.08.28-15.04.05:505][931]LogEditorActor: Deleted 1 Actors (0.031 secs)
[2018.08.28-15.04.06:879][ 91]Cmd: DELETE
[2018.08.28-15.04.07:094][ 91]Cmd: ACTOR DELETE
[2018.08.28-15.04.07:096][ 91]LogEditorActor: Deleted Actor: Brush
[2018.08.28-15.04.07:123][ 91]LogEditorActor: Deleted 1 Actors (0.029 secs)
[2018.08.28-15.04.08:491][250]Cmd: DELETE
[2018.08.28-15.04.08:509][250]Cmd: ACTOR DELETE
[2018.08.28-15.04.08:511][250]LogEditorActor: Deleted Actor: Brush
[2018.08.28-15.04.08:541][250]LogEditorActor: Deleted 1 Actors (0.032 secs)
[2018.08.28-15.04.09:120][313]Cmd: DELETE
[2018.08.28-15.04.09:168][313]Cmd: ACTOR DELETE
[2018.08.28-15.04.09:172][313]LogEditorActor: Deleted Actor: Brush
[2018.08.28-15.04.09:205][313]LogEditorActor: Deleted 1 Actors (0.036 secs)
[2018.08.28-15.04.09:898][392]Cmd: DELETE
[2018.08.28-15.04.09:915][392]Cmd: ACTOR DELETE
[2018.08.28-15.04.09:918][392]LogEditorActor: Deleted Actor: Brush
[2018.08.28-15.04.09:945][392]LogEditorActor: Deleted 1 Actors (0.029 secs)
[2018.08.28-15.04.10:575][463]Cmd: DELETE
[2018.08.28-15.04.10:590][463]Cmd: ACTOR DELETE
[2018.08.28-15.04.10:593][463]LogEditorActor: Deleted Actor: Brush
[2018.08.28-15.04.10:621][463]LogEditorActor: Deleted 1 Actors (0.030 secs)
[2018.08.28-15.04.11:789][599]Cmd: DELETE
[2018.08.28-15.04.11:803][599]Cmd: ACTOR DELETE
[2018.08.28-15.04.11:806][599]LogEditorActor: Deleted Actor: Brush
[2018.08.28-15.04.11:832][599]LogEditorActor: Deleted 1 Actors (0.029 secs)
[2018.08.28-15.04.16:021][ 89]Cmd: DUPLICATE
[2018.08.28-15.04.16:021][ 89]Cmd: ACTOR DUPLICATE
[2018.08.28-15.04.19:939][544]Cmd: DUPLICATE
[2018.08.28-15.04.19:939][544]Cmd: ACTOR DUPLICATE
[2018.08.28-15.04.24:198][ 38]Cmd: DUPLICATE
[2018.08.28-15.04.24:198][ 38]Cmd: ACTOR DUPLICATE
[2018.08.28-15.04.28:749][562]Cmd: DUPLICATE
[2018.08.28-15.04.28:749][562]Cmd: ACTOR DUPLICATE
[2018.08.28-15.04.31:333][857]Cmd: TRANSACTION UNDO
[2018.08.28-15.04.31:333][857]LogEditorTransaction: Undo Duplicate Actors
[2018.08.28-15.04.31:351][857]LogActorComponent: RegisterComponentWithWorld: (/Game/ThirdPersonBP/Maps/ThirdPersonExampleMap.ThirdPersonExampleMap:PersistentLevel.centersquarewithcurb7_6.BrushComponent0) Trying to register component with IsPendingKill() == true. Aborting.
[2018.08.28-15.04.31:371][857]LogSlate: Took 0.000256 seconds to synchronously load lazily loaded font '../../../Engine/Content/Slate/Fonts/Roboto-Light.ttf' (167K)
[2018.08.28-15.04.31:539][876]Cmd: TRANSACTION UNDO
[2018.08.28-15.04.31:539][876]LogEditorTransaction: Undo Move Actors
[2018.08.28-15.04.31:546][876]LogActorComponent: ~FComponentReregisterContext: (/Game/ThirdPersonBP/Maps/ThirdPersonExampleMap.ThirdPersonExampleMap:PersistentLevel.centerrectangle1.BrushComponent0) Component already registered.
[2018.08.28-15.04.31:872][909]Cmd: TRANSACTION UNDO
[2018.08.28-15.04.31:872][909]LogEditorTransaction: Undo Move Actors
[2018.08.28-15.04.31:880][909]LogActorComponent: ~FComponentReregisterContext: (/Game/ThirdPersonBP/Maps/ThirdPersonExampleMap.ThirdPersonExampleMap:PersistentLevel.centerrectangle1.BrushComponent0) Component already registered.
[2018.08.28-15.04.32:141][937]Cmd: TRANSACTION UNDO
[2018.08.28-15.04.32:141][937]LogEditorTransaction: Undo Duplicate Actors
[2018.08.28-15.04.32:151][937]LogActorComponent: ~FComponentReregisterContext: (/Game/ThirdPersonBP/Maps/ThirdPersonExampleMap.ThirdPersonExampleMap:PersistentLevel.centerrectangle8.BrushComponent0) Component already registered.
[2018.08.28-15.04.32:155][937]LogActorComponent: RegisterComponentWithWorld: (/Game/ThirdPersonBP/Maps/ThirdPersonExampleMap.ThirdPersonExampleMap:PersistentLevel.centersquarewithcurb6_4.BrushComponent0) Trying to register component with IsPendingKill() == true. Aborting.
[2018.08.28-15.04.32:429][968]Cmd: TRANSACTION UNDO
[2018.08.28-15.04.32:429][968]LogEditorTransaction: Undo Move Actors
[2018.08.28-15.04.32:436][968]LogActorComponent: ~FComponentReregisterContext: (/Game/ThirdPersonBP/Maps/ThirdPersonExampleMap.ThirdPersonExampleMap:PersistentLevel.centerrectangle4.BrushComponent0) Component already registered.
[2018.08.28-15.04.32:437][968]LogActorComponent: ~FComponentReregisterContext: (/Game/ThirdPersonBP/Maps/ThirdPersonExampleMap.ThirdPersonExampleMap:PersistentLevel.centerrectangle7.BrushComponent0) Component already registered.
[2018.08.28-15.04.32:902][ 21]Cmd: TRANSACTION UNDO
[2018.08.28-15.04.32:902][ 21]LogEditorTransaction: Undo Move Actors
[2018.08.28-15.04.32:909][ 21]LogActorComponent: ~FComponentReregisterContext: (/Game/ThirdPersonBP/Maps/ThirdPersonExampleMap.ThirdPersonExampleMap:PersistentLevel.centerrectangle4.BrushComponent0) Component already registered.
[2018.08.28-15.04.32:910][ 21]LogActorComponent: ~FComponentReregisterContext: (/Game/ThirdPersonBP/Maps/ThirdPersonExampleMap.ThirdPersonExampleMap:PersistentLevel.centerrectangle7.BrushComponent0) Component already registered.
[2018.08.28-15.04.51:155][188]LogSlate: FSceneViewport::OnFocusLost() reason 0
[2018.08.28-15.05.00:002][235]LogSlate: FSceneViewport::OnFocusLost() reason 0
[2018.08.28-15.05.06:387][989]Cmd: DUPLICATE
[2018.08.28-15.05.06:387][989]Cmd: ACTOR DUPLICATE
[2018.08.28-15.05.09:061][300]Cmd: DUPLICATE
[2018.08.28-15.05.09:061][300]Cmd: ACTOR DUPLICATE
[2018.08.28-15.05.13:064][764]LogSlate: FSceneViewport::OnFocusLost() reason 2
[2018.08.28-15.05.14:174][896]LogSlate: FSceneViewport::OnFocusLost() reason 2
[2018.08.28-15.05.14:214][900]LogSlate: FSceneViewport::OnFocusLost() reason 2
[2018.08.28-15.05.14:337][914]LogSlate: FSceneViewport::OnFocusLost() reason 2
[2018.08.28-15.05.23:604][ 11]LogEditorViewport: Clicking Background
[2018.08.28-15.05.24:960][170]LogEditorViewport: Clicking on Actor (LMB): Brush (centersquarewithcurb8)
[2018.08.28-15.05.39:241][869]LogEditorViewport: Clicking Background
[2018.08.28-15.05.40:792][ 53]LogEditorViewport: Clicking on Actor (LMB): Brush (centersquarewithcurb8)
[2018.08.28-15.05.43:131][328]LogSlate: FSceneViewport::OnFocusLost() reason 0
[2018.08.28-15.05.53:755][592]LogEditorViewport: Clicking Background
[2018.08.28-15.05.54:716][705]LogEditorViewport: Clicking Background
[2018.08.28-15.05.55:326][777]LogEditorViewport: Clicking on Actor (LMB): Brush (centersquarewithcurb8)
[2018.08.28-15.05.57:724][ 57]LogEditorViewport: Clicking Background
[2018.08.28-15.06.16:647][311]LogEditorViewport: Clicking on Actor (LMB): Brush (centersquarewithcurb7)
[2018.08.28-15.06.22:646][ 13]LogEditorViewport: Clicking Background
[2018.08.28-15.06.26:572][477]LogEditorViewport: Clicking on Actor (LMB): Brush (centersquarewithcurb2)
[2018.08.28-15.06.30:666][955]LogEditorViewport: Clicking Background
[2018.08.28-15.06.34:084][356]LogEditorViewport: Clicking on Actor (LMB): Brush (centersquarewithcurb6)
[2018.08.28-15.06.41:926][283]LogEditorViewport: Clicking Background
[2018.08.28-15.06.46:837][861]LogEditorViewport: Clicking on Actor (LMB): Brush (centersquarewithcurb2)
[2018.08.28-15.06.49:863][217]Cmd: DUPLICATE
[2018.08.28-15.06.49:863][217]Cmd: ACTOR DUPLICATE
[2018.08.28-15.06.55:208][844]LogSlate: FSceneViewport::OnFocusLost() reason 0
[2018.08.28-15.07.04:999][ 10]LogSlate: FSceneViewport::OnFocusLost() reason 0
[2018.08.28-15.07.14:216][101]LogEditorViewport: Clicking Background
[2018.08.28-15.07.16:266][344]LogEditorViewport: Clicking on Actor (LMB): Brush (centersquarewithcurb9)
[2018.08.28-15.07.23:136][157]Cmd: DUPLICATE
[2018.08.28-15.07.23:136][157]Cmd: ACTOR DUPLICATE
[2018.08.28-15.07.25:730][456]Cmd: DUPLICATE
[2018.08.28-15.07.25:731][456]Cmd: ACTOR DUPLICATE
[2018.08.28-15.07.27:923][707]Cmd: DUPLICATE
[2018.08.28-15.07.27:923][707]Cmd: ACTOR DUPLICATE
[2018.08.28-15.07.38:700][973]LogEditorViewport: Clicking Background
[2018.08.28-15.07.41:540][310]LogEditorViewport: Clicking on Actor (LMB): Brush (centersquarewithcurb12)
[2018.08.28-15.07.44:871][703]LogEditorViewport: Clicking Background
[2018.08.28-15.07.46:523][900]LogEditorViewport: Clicking on Actor (LMB): Brush (centersquarewithcurb12)
[2018.08.28-15.07.49:614][263]LogEditorViewport: Clicking Background
[2018.08.28-15.07.52:208][570]LogEditorViewport: Clicking on Actor (LMB): Brush (centersquarewithcurb11)
[2018.08.28-15.08.03:952][962]LogEditorViewport: Clicking on Actor (LMB): Brush (centersquarewithcurb10)
[2018.08.28-15.08.11:054][802]LogEditorViewport: Clicking Background
[2018.08.28-15.08.14:545][217]LogSlate: FSceneViewport::OnFocusLost() reason 0
[2018.08.28-15.08.14:885][228]LogSavePackage: Moving '../../../../../../Users/Richard/Documents/Unreal Projects/EAE3010RTendean003/Saved/ThirdPersonExampleMap0F34010544B3F4C7FF845F807D191323.tmp' to '../../../../../../Users/Richard/Documents/Unreal Projects/EAE3010RTendean003/Content/ThirdPersonBP/Maps/ThirdPersonExampleMap.umap'
[2018.08.28-15.08.15:039][228]LogSavePackage: Moving '../../../../../../Users/Richard/Documents/Unreal Projects/EAE3010RTendean003/Saved/ThirdPersonExampleMap_BuiltData0F4390EC46A52A6D7597A79E6AA950AE.tmp' to '../../../../../../Users/Richard/Documents/Unreal Projects/EAE3010RTendean003/Content/ThirdPersonBP/Maps/ThirdPersonExampleMap_BuiltData.uasset'
[2018.08.28-15.08.35:427][655]LogEditorViewport: Clicking on Actor (LMB): Brush (centersquarewithcurb10)
[2018.08.28-15.08.42:263][471]Cmd: DUPLICATE
[2018.08.28-15.08.42:263][471]Cmd: ACTOR DUPLICATE
[2018.08.28-15.08.48:129][943]LogSlate: FSceneViewport::OnFocusLost() reason 2
[2018.08.28-15.09.00:755][421]LogEditorViewport: Clicking Background
[2018.08.28-15.09.02:375][611]LogEditorViewport: Clicking on Actor (LMB): Brush (centersquarewithcurb13)
[2018.08.28-15.09.05:991][ 32]Cmd: DUPLICATE
[2018.08.28-15.09.05:991][ 32]Cmd: ACTOR DUPLICATE
[2018.08.28-15.09.13:807][944]Cmd: DUPLICATE
[2018.08.28-15.09.13:807][944]Cmd: ACTOR DUPLICATE
[2018.08.28-15.09.26:372][417]Cmd: DUPLICATE
[2018.08.28-15.09.26:372][417]Cmd: ACTOR DUPLICATE
[2018.08.28-15.09.43:004][377]Cmd: DUPLICATE
[2018.08.28-15.09.43:004][377]Cmd: ACTOR DUPLICATE
[2018.08.28-15.09.47:263][870]LogSlate: FSceneViewport::OnFocusLost() reason 0
[2018.08.28-15.09.53:625][625]LogSlate: FSceneViewport::OnFocusLost() reason 0
[2018.08.28-15.10.02:538][676]Cmd: DUPLICATE
[2018.08.28-15.10.02:538][676]Cmd: ACTOR DUPLICATE
[2018.08.28-15.10.21:431][905]LogEditorViewport: Clicking on Actor (LMB): Brush (centersquarewithcurb17)
[2018.08.28-15.10.31:224][ 63]LogEditorViewport: Clicking on Actor (LMB): Brush (centersquarewithcurb18)
[2018.08.28-15.10.32:189][177]Cmd: DUPLICATE
[2018.08.28-15.10.32:189][177]Cmd: ACTOR DUPLICATE
[2018.08.28-15.10.45:562][754]Cmd: DUPLICATE
[2018.08.28-15.10.45:562][754]Cmd: ACTOR DUPLICATE
[2018.08.28-15.11.03:873][912]LogSlate: FSceneViewport::OnFocusLost() reason 0
[2018.08.28-15.11.04:175][922]LogSavePackage: Moving '../../../../../../Users/Richard/Documents/Unreal Projects/EAE3010RTendean003/Saved/ThirdPersonExampleMap477112C04CB6F993B52B84A5E18B72E0.tmp' to '../../../../../../Users/Richard/Documents/Unreal Projects/EAE3010RTendean003/Content/ThirdPersonBP/Maps/ThirdPersonExampleMap.umap'
[2018.08.28-15.11.04:275][922]LogSavePackage: Moving '../../../../../../Users/Richard/Documents/Unreal Projects/EAE3010RTendean003/Saved/ThirdPersonExampleMap_BuiltData95478781436013BE93DE9CADDDCECB03.tmp' to '../../../../../../Users/Richard/Documents/Unreal Projects/EAE3010RTendean003/Content/ThirdPersonBP/Maps/ThirdPersonExampleMap_BuiltData.uasset'
[2018.08.28-15.12.05:500][145]LogSlate: FSceneViewport::OnFocusLost() reason 2
[2018.08.28-15.12.21:281][  8]Cmd: TRANSACTION UNDO
[2018.08.28-15.12.21:281][  8]LogEditorTransaction: Undo Move Actors
[2018.08.28-15.12.21:292][  8]LogActorComponent: ~FComponentReregisterContext: (/Game/ThirdPersonBP/Maps/ThirdPersonExampleMap.ThirdPersonExampleMap:PersistentLevel.centerrectangle4.BrushComponent0) Component already registered.
[2018.08.28-15.12.21:292][  8]LogActorComponent: ~FComponentReregisterContext: (/Game/ThirdPersonBP/Maps/ThirdPersonExampleMap.ThirdPersonExampleMap:PersistentLevel.centerrectangle7.BrushComponent0) Component already registered.
[2018.08.28-15.12.21:292][  8]LogActorComponent: ~FComponentReregisterContext: (/Game/ThirdPersonBP/Maps/ThirdPersonExampleMap.ThirdPersonExampleMap:PersistentLevel.centersquarewithcurb13.BrushComponent0) Component already registered.
[2018.08.28-15.12.21:297][  8]LogPhysics: Warning: Found bad index buffer when cooking UModelComponent physics data! Component: /Game/ThirdPersonBP/Maps/ThirdPersonExampleMap.ThirdPersonExampleMap:PersistentLevel.ModelComponent_1024, Buffer: 0, Buffer Size: 0, Element: 0
[2018.08.28-15.12.21:297][  8]LogPhysics: Warning: Found bad index buffer when cooking UModelComponent physics data! Component: /Game/ThirdPersonBP/Maps/ThirdPersonExampleMap.ThirdPersonExampleMap:PersistentLevel.ModelComponent_1024, Buffer: 0, Buffer Size: 0, Element: 1
[2018.08.28-15.12.21:297][  8]LogPhysics: Warning: Found bad index buffer when cooking UModelComponent physics data! Component: /Game/ThirdPersonBP/Maps/ThirdPersonExampleMap.ThirdPersonExampleMap:PersistentLevel.ModelComponent_1024, Buffer: 0, Buffer Size: 0, Element: 2
[2018.08.28-15.12.21:297][  8]LogPhysics: Warning: Found bad index buffer when cooking UModelComponent physics data! Component: /Game/ThirdPersonBP/Maps/ThirdPersonExampleMap.ThirdPersonExampleMap:PersistentLevel.ModelComponent_1024, Buffer: 0, Buffer Size: 0, Element: 3
[2018.08.28-15.12.21:297][  8]LogPhysics: Warning: Found bad index buffer when cooking UModelComponent physics data! Component: /Game/ThirdPersonBP/Maps/ThirdPersonExampleMap.ThirdPersonExampleMap:PersistentLevel.ModelComponent_1024, Buffer: 0, Buffer Size: 0, Element: 4
[2018.08.28-15.12.21:297][  8]LogPhysics: Warning: Found bad index buffer when cooking UModelComponent physics data! Component: /Game/ThirdPersonBP/Maps/ThirdPersonExampleMap.ThirdPersonExampleMap:PersistentLevel.ModelComponent_1024, Buffer: 0, Buffer Size: 0, Element: 5
[2018.08.28-15.12.21:297][  8]LogPhysics: Warning: Found bad index buffer when cooking UModelComponent physics data! Component: /Game/ThirdPersonBP/Maps/ThirdPersonExampleMap.ThirdPersonExampleMap:PersistentLevel.ModelComponent_1024, Buffer: 0, Buffer Size: 0, Element: 6
[2018.08.28-15.12.21:297][  8]LogPhysics: Warning: Found bad index buffer when cooking UModelComponent physics data! Component: /Game/ThirdPersonBP/Maps/ThirdPersonExampleMap.ThirdPersonExampleMap:PersistentLevel.ModelComponent_1024, Buffer: 0, Buffer Size: 0, Element: 7
[2018.08.28-15.12.21:297][  8]LogPhysics: Warning: Found bad index buffer when cooking UModelComponent physics data! Component: /Game/ThirdPersonBP/Maps/ThirdPersonExampleMap.ThirdPersonExampleMap:PersistentLevel.ModelComponent_1024, Buffer: 0, Buffer Size: 0, Element: 8
[2018.08.28-15.12.21:297][  8]LogPhysics: Warning: Found bad index buffer when cooking UModelComponent physics data! Component: /Game/ThirdPersonBP/Maps/ThirdPersonExampleMap.ThirdPersonExampleMap:PersistentLevel.ModelComponent_1024, Buffer: 0, Buffer Size: 0, Element: 9
[2018.08.28-15.12.21:297][  8]LogPhysics: Warning: Found bad index buffer when cooking UModelComponent physics data! Component: /Game/ThirdPersonBP/Maps/ThirdPersonExampleMap.ThirdPersonExampleMap:PersistentLevel.ModelComponent_1024, Buffer: 0, Buffer Size: 0, Element: 10
[2018.08.28-15.12.21:297][  8]LogPhysics: Warning: Found bad index buffer when cooking UModelComponent physics data! Component: /Game/ThirdPersonBP/Maps/ThirdPersonExampleMap.ThirdPersonExampleMap:PersistentLevel.ModelComponent_1024, Buffer: 0, Buffer Size: 0, Element: 11
[2018.08.28-15.12.21:297][  8]LogPhysics: Warning: Found bad index buffer when cooking UModelComponent physics data! Component: /Game/ThirdPersonBP/Maps/ThirdPersonExampleMap.ThirdPersonExampleMap:PersistentLevel.ModelComponent_1024, Buffer: 0, Buffer Size: 0, Element: 12
[2018.08.28-15.12.21:297][  8]LogPhysics: Warning: Found bad index buffer when cooking UModelComponent physics data! Component: /Game/ThirdPersonBP/Maps/ThirdPersonExampleMap.ThirdPersonExampleMap:PersistentLevel.ModelComponent_1024, Buffer: 0, Buffer Size: 0, Element: 13
[2018.08.28-15.12.21:297][  8]LogPhysics: Warning: Found bad index buffer when cooking UModelComponent physics data! Component: /Game/ThirdPersonBP/Maps/ThirdPersonExampleMap.ThirdPersonExampleMap:PersistentLevel.ModelComponent_1024, Buffer: 0, Buffer Size: 0, Element: 14
[2018.08.28-15.12.21:297][  8]LogPhysics: Warning: Found bad index buffer when cooking UModelComponent physics data! Component: /Game/ThirdPersonBP/Maps/ThirdPersonExampleMap.ThirdPersonExampleMap:PersistentLevel.ModelComponent_1024, Buffer: 0, Buffer Size: 0, Element: 15
[2018.08.28-15.12.21:297][  8]LogPhysics: Warning: Found bad index buffer when cooking UModelComponent physics data! Component: /Game/ThirdPersonBP/Maps/ThirdPersonExampleMap.ThirdPersonExampleMap:PersistentLevel.ModelComponent_1024, Buffer: 0, Buffer Size: 0, Element: 16
[2018.08.28-15.12.21:297][  8]LogPhysics: Warning: UBodySetup::GetCookInfo: Triangle data from '/Game/ThirdPersonBP/Maps/ThirdPersonExampleMap.ThirdPersonExampleMap:PersistentLevel.ModelComponent_1024' invalid (472 verts, 0 indices).
[2018.08.28-15.12.21:298][  8]LogPhysics: Warning: Attempt to build physics data for /Game/ThirdPersonBP/Maps/ThirdPersonExampleMap.ThirdPersonExampleMap:PersistentLevel.ModelComponent_1024.BodySetup_0 when we are unable to.
[2018.08.28-15.12.21:298][  8]LogPhysics: Warning: Found bad index buffer when cooking UModelComponent physics data! Component: /Game/ThirdPersonBP/Maps/ThirdPersonExampleMap.ThirdPersonExampleMap:PersistentLevel.ModelComponent_1025, Buffer: 0, Buffer Size: 0, Element: 0
[2018.08.28-15.12.21:298][  8]LogPhysics: Warning: Found bad index buffer when cooking UModelComponent physics data! Component: /Game/ThirdPersonBP/Maps/ThirdPersonExampleMap.ThirdPersonExampleMap:PersistentLevel.ModelComponent_1025, Buffer: 0, Buffer Size: 0, Element: 1
[2018.08.28-15.12.21:298][  8]LogPhysics: Warning: Found bad index buffer when cooking UModelComponent physics data! Component: /Game/ThirdPersonBP/Maps/ThirdPersonExampleMap.ThirdPersonExampleMap:PersistentLevel.ModelComponent_1025, Buffer: 0, Buffer Size: 0, Element: 2
[2018.08.28-15.12.21:298][  8]LogPhysics: Warning: Found bad index buffer when cooking UModelComponent physics data! Component: /Game/ThirdPersonBP/Maps/ThirdPersonExampleMap.ThirdPersonExampleMap:PersistentLevel.ModelComponent_1025, Buffer: 0, Buffer Size: 0, Element: 3
[2018.08.28-15.12.21:298][  8]LogPhysics: Warning: Found bad index buffer when cooking UModelComponent physics data! Component: /Game/ThirdPersonBP/Maps/ThirdPersonExampleMap.ThirdPersonExampleMap:PersistentLevel.ModelComponent_1025, Buffer: 0, Buffer Size: 0, Element: 4
[2018.08.28-15.12.21:298][  8]LogPhysics: Warning: Found bad index buffer when cooking UModelComponent physics data! Component: /Game/ThirdPersonBP/Maps/ThirdPersonExampleMap.ThirdPersonExampleMap:PersistentLevel.ModelComponent_1025, Buffer: 0, Buffer Size: 0, Element: 5
[2018.08.28-15.12.21:298][  8]LogPhysics: Warning: Found bad index buffer when cooking UModelComponent physics data! Component: /Game/ThirdPersonBP/Maps/ThirdPersonExampleMap.ThirdPersonExampleMap:PersistentLevel.ModelComponent_1025, Buffer: 0, Buffer Size: 0, Element: 6
[2018.08.28-15.12.21:298][  8]LogPhysics: Warning: Found bad index buffer when cooking UModelComponent physics data! Component: /Game/ThirdPersonBP/Maps/ThirdPersonExampleMap.ThirdPersonExampleMap:PersistentLevel.ModelComponent_1025, Buffer: 0, Buffer Size: 0, Element: 7
[2018.08.28-15.12.21:298][  8]LogPhysics: Warning: Found bad index buffer when cooking UModelComponent physics data! Component: /Game/ThirdPersonBP/Maps/ThirdPersonExampleMap.ThirdPersonExampleMap:PersistentLevel.ModelComponent_1025, Buffer: 0, Buffer Size: 0, Element: 8
[2018.08.28-15.12.21:298][  8]LogPhysics: Warning: Found bad index buffer when cooking UModelComponent physics data! Component: /Game/ThirdPersonBP/Maps/ThirdPersonExampleMap.ThirdPersonExampleMap:PersistentLevel.ModelComponent_1025, Buffer: 0, Buffer Size: 0, Element: 9
[2018.08.28-15.12.21:298][  8]LogPhysics: Warning: UBodySetup::GetCookInfo: Triangle data from '/Game/ThirdPersonBP/Maps/ThirdPersonExampleMap.ThirdPersonExampleMap:PersistentLevel.ModelComponent_1025' invalid (472 verts, 0 indices).
[2018.08.28-15.12.21:298][  8]LogPhysics: Warning: Attempt to build physics data for /Game/ThirdPersonBP/Maps/ThirdPersonExampleMap.ThirdPersonExampleMap:PersistentLevel.ModelComponent_1025.BodySetup_0 when we are unable to.
[2018.08.28-15.12.21:299][  8]LogPhysics: Warning: Found bad index buffer when cooking UModelComponent physics data! Component: /Game/ThirdPersonBP/Maps/ThirdPersonExampleMap.ThirdPersonExampleMap:PersistentLevel.ModelComponent_1026, Buffer: 0, Buffer Size: 0, Element: 0
[2018.08.28-15.12.21:299][  8]LogPhysics: Warning: Found bad index buffer when cooking UModelComponent physics data! Component: /Game/ThirdPersonBP/Maps/ThirdPersonExampleMap.ThirdPersonExampleMap:PersistentLevel.ModelComponent_1026, Buffer: 0, Buffer Size: 0, Element: 1
[2018.08.28-15.12.21:299][  8]LogPhysics: Warning: Found bad index buffer when cooking UModelComponent physics data! Component: /Game/ThirdPersonBP/Maps/ThirdPersonExampleMap.ThirdPersonExampleMap:PersistentLevel.ModelComponent_1026, Buffer: 0, Buffer Size: 0, Element: 2
[2018.08.28-15.12.21:299][  8]LogPhysics: Warning: Found bad index buffer when cooking UModelComponent physics data! Component: /Game/ThirdPersonBP/Maps/ThirdPersonExampleMap.ThirdPersonExampleMap:PersistentLevel.ModelComponent_1026, Buffer: 0, Buffer Size: 0, Element: 3
[2018.08.28-15.12.21:299][  8]LogPhysics: Warning: Found bad index buffer when cooking UModelComponent physics data! Component: /Game/ThirdPersonBP/Maps/ThirdPersonExampleMap.ThirdPersonExampleMap:PersistentLevel.ModelComponent_1026, Buffer: 0, Buffer Size: 0, Element: 4
[2018.08.28-15.12.21:299][  8]LogPhysics: Warning: Found bad index buffer when cooking UModelComponent physics data! Component: /Game/ThirdPersonBP/Maps/ThirdPersonExampleMap.ThirdPersonExampleMap:PersistentLevel.ModelComponent_1026, Buffer: 0, Buffer Size: 0, Element: 5
[2018.08.28-15.12.21:299][  8]LogPhysics: Warning: Found bad index buffer when cooking UModelComponent physics data! Component: /Game/ThirdPersonBP/Maps/ThirdPersonExampleMap.ThirdPersonExampleMap:PersistentLevel.ModelComponent_1026, Buffer: 0, Buffer Size: 0, Element: 6
[2018.08.28-15.12.21:299][  8]LogPhysics: Warning: Found bad index buffer when cooking UModelComponent physics data! Component: /Game/ThirdPersonBP/Maps/ThirdPersonExampleMap.ThirdPersonExampleMap:PersistentLevel.ModelComponent_1026, Buffer: 0, Buffer Size: 0, Element: 7
[2018.08.28-15.12.21:299][  8]LogPhysics: Warning: Found bad index buffer when cooking UModelComponent physics data! Component: /Game/ThirdPersonBP/Maps/ThirdPersonExampleMap.ThirdPersonExampleMap:PersistentLevel.ModelComponent_1026, Buffer: 0, Buffer Size: 0, Element: 8
[2018.08.28-15.12.21:299][  8]LogPhysics: Warning: Found bad index buffer when cooking UModelComponent physics data! Component: /Game/ThirdPersonBP/Maps/ThirdPersonExampleMap.ThirdPersonExampleMap:PersistentLevel.ModelComponent_1026, Buffer: 0, Buffer Size: 0, Element: 9
[2018.08.28-15.12.21:299][  8]LogPhysics: Warning: Found bad index buffer when cooking UModelComponent physics data! Component: /Game/ThirdPersonBP/Maps/ThirdPersonExampleMap.ThirdPersonExampleMap:PersistentLevel.ModelComponent_1026, Buffer: 0, Buffer Size: 0, Element: 10
[2018.08.28-15.12.21:299][  8]LogPhysics: Warning: Found bad index buffer when cooking UModelComponent physics data! Component: /Game/ThirdPersonBP/Maps/ThirdPersonExampleMap.ThirdPersonExampleMap:PersistentLevel.ModelComponent_1026, Buffer: 0, Buffer Size: 0, Element: 11
[2018.08.28-15.12.21:299][  8]LogPhysics: Warning: Found bad index buffer when cooking UModelComponent physics data! Component: /Game/ThirdPersonBP/Maps/ThirdPersonExampleMap.ThirdPersonExampleMap:PersistentLevel.ModelComponent_1026, Buffer: 0, Buffer Size: 0, Element: 12
[2018.08.28-15.12.21:299][  8]LogPhysics: Warning: Found bad index buffer when cooking UModelComponent physics data! Component: /Game/ThirdPersonBP/Maps/ThirdPersonExampleMap.ThirdPersonExampleMap:PersistentLevel.ModelComponent_1026, Buffer: 0, Buffer Size: 0, Element: 13
[2018.08.28-15.12.21:299][  8]LogPhysics: Warning: Found bad index buffer when cooking UModelComponent physics data! Component: /Game/ThirdPersonBP/Maps/ThirdPersonExampleMap.ThirdPersonExampleMap:PersistentLevel.ModelComponent_1026, Buffer: 0, Buffer Size: 0, Element: 14
[2018.08.28-15.12.21:300][  8]LogPhysics: Warning: Found bad index buffer when cooking UModelComponent physics data! Component: /Game/ThirdPersonBP/Maps/ThirdPersonExampleMap.ThirdPersonExampleMap:PersistentLevel.ModelComponent_1026, Buffer: 0, Buffer Size: 0, Element: 15
[2018.08.28-15.12.21:300][  8]LogPhysics: Warning: UBodySetup::GetCookInfo: Triangle data from '/Game/ThirdPersonBP/Maps/ThirdPersonExampleMap.ThirdPersonExampleMap:PersistentLevel.ModelComponent_1026' invalid (472 verts, 0 indices).
[2018.08.28-15.12.21:300][  8]LogPhysics: Warning: Attempt to build physics data for /Game/ThirdPersonBP/Maps/ThirdPersonExampleMap.ThirdPersonExampleMap:PersistentLevel.ModelComponent_1026.BodySetup_0 when we are unable to.
[2018.08.28-15.12.21:300][  8]LogPhysics: Warning: Found bad index buffer when cooking UModelComponent physics data! Component: /Game/ThirdPersonBP/Maps/ThirdPersonExampleMap.ThirdPersonExampleMap:PersistentLevel.ModelComponent_1027, Buffer: 0, Buffer Size: 0, Element: 0
[2018.08.28-15.12.21:300][  8]LogPhysics: Warning: Found bad index buffer when cooking UModelComponent physics data! Component: /Game/ThirdPersonBP/Maps/ThirdPersonExampleMap.ThirdPersonExampleMap:PersistentLevel.ModelComponent_1027, Buffer: 0, Buffer Size: 0, Element: 1
[2018.08.28-15.12.21:300][  8]LogPhysics: Warning: Found bad index buffer when cooking UModelComponent physics data! Component: /Game/ThirdPersonBP/Maps/ThirdPersonExampleMap.ThirdPersonExampleMap:PersistentLevel.ModelComponent_1027, Buffer: 0, Buffer Size: 0, Element: 2
[2018.08.28-15.12.21:300][  8]LogPhysics: Warning: Found bad index buffer when cooking UModelComponent physics data! Component: /Game/ThirdPersonBP/Maps/ThirdPersonExampleMap.ThirdPersonExampleMap:PersistentLevel.ModelComponent_1027, Buffer: 0, Buffer Size: 0, Element: 3
[2018.08.28-15.12.21:300][  8]LogPhysics: Warning: Found bad index buffer when cooking UModelComponent physics data! Component: /Game/ThirdPersonBP/Maps/ThirdPersonExampleMap.ThirdPersonExampleMap:PersistentLevel.ModelComponent_1027, Buffer: 0, Buffer Size: 0, Element: 4
[2018.08.28-15.12.21:300][  8]LogPhysics: Warning: Found bad index buffer when cooking UModelComponent physics data! Component: /Game/ThirdPersonBP/Maps/ThirdPersonExampleMap.ThirdPersonExampleMap:PersistentLevel.ModelComponent_1027, Buffer: 0, Buffer Size: 0, Element: 5
[2018.08.28-15.12.21:300][  8]LogPhysics: Warning: Found bad index buffer when cooking UModelComponent physics data! Component: /Game/ThirdPersonBP/Maps/ThirdPersonExampleMap.ThirdPersonExampleMap:PersistentLevel.ModelComponent_1027, Buffer: 0, Buffer Size: 0, Element: 6
[2018.08.28-15.12.21:300][  8]LogPhysics: Warning: Found bad index buffer when cooking UModelComponent physics data! Component: /Game/ThirdPersonBP/Maps/ThirdPersonExampleMap.ThirdPersonExampleMap:PersistentLevel.ModelComponent_1027, Buffer: 0, Buffer Size: 0, Element: 7
[2018.08.28-15.12.21:300][  8]LogPhysics: Warning: UBodySetup::GetCookInfo: Triangle data from '/Game/ThirdPersonBP/Maps/ThirdPersonExampleMap.ThirdPersonExampleMap:PersistentLevel.ModelComponent_1027' invalid (472 verts, 0 indices).
[2018.08.28-15.12.21:300][  8]LogPhysics: Warning: Attempt to build physics data for /Game/ThirdPersonBP/Maps/ThirdPersonExampleMap.ThirdPersonExampleMap:PersistentLevel.ModelComponent_1027.BodySetup_0 when we are unable to.
[2018.08.28-15.12.21:301][  8]LogPhysics: Warning: Found bad index buffer when cooking UModelComponent physics data! Component: /Game/ThirdPersonBP/Maps/ThirdPersonExampleMap.ThirdPersonExampleMap:PersistentLevel.ModelComponent_1028, Buffer: 0, Buffer Size: 0, Element: 0
[2018.08.28-15.12.21:301][  8]LogPhysics: Warning: Found bad index buffer when cooking UModelComponent physics data! Component: /Game/ThirdPersonBP/Maps/ThirdPersonExampleMap.ThirdPersonExampleMap:PersistentLevel.ModelComponent_1028, Buffer: 0, Buffer Size: 0, Element: 1
[2018.08.28-15.12.21:301][  8]LogPhysics: Warning: Found bad index buffer when cooking UModelComponent physics data! Component: /Game/ThirdPersonBP/Maps/ThirdPersonExampleMap.ThirdPersonExampleMap:PersistentLevel.ModelComponent_1028, Buffer: 0, Buffer Size: 0, Element: 2
[2018.08.28-15.12.21:301][  8]LogPhysics: Warning: Found bad index buffer when cooking UModelComponent physics data! Component: /Game/ThirdPersonBP/Maps/ThirdPersonExampleMap.ThirdPersonExampleMap:PersistentLevel.ModelComponent_1028, Buffer: 0, Buffer Size: 0, Element: 3
[2018.08.28-15.12.21:301][  8]LogPhysics: Warning: Found bad index buffer when cooking UModelComponent physics data! Component: /Game/ThirdPersonBP/Maps/ThirdPersonExampleMap.ThirdPersonExampleMap:PersistentLevel.ModelComponent_1028, Buffer: 0, Buffer Size: 0, Element: 4
[2018.08.28-15.12.21:301][  8]LogPhysics: Warning: Found bad index buffer when cooking UModelComponent physics data! Component: /Game/ThirdPersonBP/Maps/ThirdPersonExampleMap.ThirdPersonExampleMap:PersistentLevel.ModelComponent_1028, Buffer: 0, Buffer Size: 0, Element: 5
[2018.08.28-15.12.21:301][  8]LogPhysics: Warning: Found bad index buffer when cooking UModelComponent physics data! Component: /Game/ThirdPersonBP/Maps/ThirdPersonExampleMap.ThirdPersonExampleMap:PersistentLevel.ModelComponent_1028, Buffer: 0, Buffer Size: 0, Element: 6
[2018.08.28-15.12.21:301][  8]LogPhysics: Warning: Found bad index buffer when cooking UModelComponent physics data! Component: /Game/ThirdPersonBP/Maps/ThirdPersonExampleMap.ThirdPersonExampleMap:PersistentLevel.ModelComponent_1028, Buffer: 0, Buffer Size: 0, Element: 7
[2018.08.28-15.12.21:301][  8]LogPhysics: Warning: Found bad index buffer when cooking UModelComponent physics data! Component: /Game/ThirdPersonBP/Maps/ThirdPersonExampleMap.ThirdPersonExampleMap:PersistentLevel.ModelComponent_1028, Buffer: 0, Buffer Size: 0, Element: 8
[2018.08.28-15.12.21:301][  8]LogPhysics: Warning: Found bad index buffer when cooking UModelComponent physics data! Component: /Game/ThirdPersonBP/Maps/ThirdPersonExampleMap.ThirdPersonExampleMap:PersistentLevel.ModelComponent_1028, Buffer: 0, Buffer Size: 0, Element: 9
[2018.08.28-15.12.21:301][  8]LogPhysics: Warning: Found bad index buffer when cooking UModelComponent physics data! Component: /Game/ThirdPersonBP/Maps/ThirdPersonExampleMap.ThirdPersonExampleMap:PersistentLevel.ModelComponent_1028, Buffer: 0, Buffer Size: 0, Element: 10
[2018.08.28-15.12.21:301][  8]LogPhysics: Warning: Found bad index buffer when cooking UModelComponent physics data! Component: /Game/ThirdPersonBP/Maps/ThirdPersonExampleMap.ThirdPersonExampleMap:PersistentLevel.ModelComponent_1028, Buffer: 0, Buffer Size: 0, Element: 11
[2018.08.28-15.12.21:301][  8]LogPhysics: Warning: Found bad index buffer when cooking UModelComponent physics data! Component: /Game/ThirdPersonBP/Maps/ThirdPersonExampleMap.ThirdPersonExampleMap:PersistentLevel.ModelComponent_1028, Buffer: 0, Buffer Size: 0, Element: 12
[2018.08.28-15.12.21:301][  8]LogPhysics: Warning: Found bad index buffer when cooking UModelComponent physics data! Component: /Game/ThirdPersonBP/Maps/ThirdPersonExampleMap.ThirdPersonExampleMap:PersistentLevel.ModelComponent_1028, Buffer: 0, Buffer Size: 0, Element: 13
[2018.08.28-15.12.21:301][  8]LogPhysics: Warning: Found bad index buffer when cooking UModelComponent physics data! Component: /Game/ThirdPersonBP/Maps/ThirdPersonExampleMap.ThirdPersonExampleMap:PersistentLevel.ModelComponent_1028, Buffer: 0, Buffer Size: 0, Element: 14
[2018.08.28-15.12.21:301][  8]LogPhysics: Warning: Found bad index buffer when cooking UModelComponent physics data! Component: /Game/ThirdPersonBP/Maps/ThirdPersonExampleMap.ThirdPersonExampleMap:PersistentLevel.ModelComponent_1028, Buffer: 0, Buffer Size: 0, Element: 15
[2018.08.28-15.12.21:301][  8]LogPhysics: Warning: Found bad index buffer when cooking UModelComponent physics data! Component: /Game/ThirdPersonBP/Maps/ThirdPersonExampleMap.ThirdPersonExampleMap:PersistentLevel.ModelComponent_1028, Buffer: 0, Buffer Size: 0, Element: 16
[2018.08.28-15.12.21:301][  8]LogPhysics: Warning: UBodySetup::GetCookInfo: Triangle data from '/Game/ThirdPersonBP/Maps/ThirdPersonExampleMap.ThirdPersonExampleMap:PersistentLevel.ModelComponent_1028' invalid (472 verts, 0 indices).
[2018.08.28-15.12.21:301][  8]LogPhysics: Warning: Attempt to build physics data for /Game/ThirdPersonBP/Maps/ThirdPersonExampleMap.ThirdPersonExampleMap:PersistentLevel.ModelComponent_1028.BodySetup_0 when we are unable to.
[2018.08.28-15.12.21:302][  8]LogPhysics: Warning: Found bad index buffer when cooking UModelComponent physics data! Component: /Game/ThirdPersonBP/Maps/ThirdPersonExampleMap.ThirdPersonExampleMap:PersistentLevel.ModelComponent_1029, Buffer: 0, Buffer Size: 0, Element: 0
[2018.08.28-15.12.21:302][  8]LogPhysics: Warning: Found bad index buffer when cooking UModelComponent physics data! Component: /Game/ThirdPersonBP/Maps/ThirdPersonExampleMap.ThirdPersonExampleMap:PersistentLevel.ModelComponent_1029, Buffer: 0, Buffer Size: 0, Element: 1
[2018.08.28-15.12.21:302][  8]LogPhysics: Warning: Found bad index buffer when cooking UModelComponent physics data! Component: /Game/ThirdPersonBP/Maps/ThirdPersonExampleMap.ThirdPersonExampleMap:PersistentLevel.ModelComponent_1029, Buffer: 0, Buffer Size: 0, Element: 2
[2018.08.28-15.12.21:302][  8]LogPhysics: Warning: Found bad index buffer when cooking UModelComponent physics data! Component: /Game/ThirdPersonBP/Maps/ThirdPersonExampleMap.ThirdPersonExampleMap:PersistentLevel.ModelComponent_1029, Buffer: 0, Buffer Size: 0, Element: 3
[2018.08.28-15.12.21:302][  8]LogPhysics: Warning: Found bad index buffer when cooking UModelComponent physics data! Component: /Game/ThirdPersonBP/Maps/ThirdPersonExampleMap.ThirdPersonExampleMap:PersistentLevel.ModelComponent_1029, Buffer: 0, Buffer Size: 0, Element: 4
[2018.08.28-15.12.21:302][  8]LogPhysics: Warning: Found bad index buffer when cooking UModelComponent physics data! Component: /Game/ThirdPersonBP/Maps/ThirdPersonExampleMap.ThirdPersonExampleMap:PersistentLevel.ModelComponent_1029, Buffer: 0, Buffer Size: 0, Element: 5
[2018.08.28-15.12.21:302][  8]LogPhysics: Warning: Found bad index buffer when cooking UModelComponent physics data! Component: /Game/ThirdPersonBP/Maps/ThirdPersonExampleMap.ThirdPersonExampleMap:PersistentLevel.ModelComponent_1029, Buffer: 0, Buffer Size: 0, Element: 6
[2018.08.28-15.12.21:302][  8]LogPhysics: Warning: Found bad index buffer when cooking UModelComponent physics data! Component: /Game/ThirdPersonBP/Maps/ThirdPersonExampleMap.ThirdPersonExampleMap:PersistentLevel.ModelComponent_1029, Buffer: 0, Buffer Size: 0, Element: 7
[2018.08.28-15.12.21:302][  8]LogPhysics: Warning: Found bad index buffer when cooking UModelComponent physics data! Component: /Game/ThirdPersonBP/Maps/ThirdPersonExampleMap.ThirdPersonExampleMap:PersistentLevel.ModelComponent_1029, Buffer: 0, Buffer Size: 0, Element: 8
[2018.08.28-15.12.21:302][  8]LogPhysics: Warning: Found bad index buffer when cooking UModelComponent physics data! Component: /Game/ThirdPersonBP/Maps/ThirdPersonExampleMap.ThirdPersonExampleMap:PersistentLevel.ModelComponent_1029, Buffer: 0, Buffer Size: 0, Element: 9
[2018.08.28-15.12.21:302][  8]LogPhysics: Warning: UBodySetup::GetCookInfo: Triangle data from '/Game/ThirdPersonBP/Maps/ThirdPersonExampleMap.ThirdPersonExampleMap:PersistentLevel.ModelComponent_1029' invalid (472 verts, 0 indices).
[2018.08.28-15.12.21:302][  8]LogPhysics: Warning: Attempt to build physics data for /Game/ThirdPersonBP/Maps/ThirdPersonExampleMap.ThirdPersonExampleMap:PersistentLevel.ModelComponent_1029.BodySetup_0 when we are unable to.
[2018.08.28-15.12.21:302][  8]LogPhysics: Warning: Found bad index buffer when cooking UModelComponent physics data! Component: /Game/ThirdPersonBP/Maps/ThirdPersonExampleMap.ThirdPersonExampleMap:PersistentLevel.ModelComponent_1030, Buffer: 0, Buffer Size: 0, Element: 0
[2018.08.28-15.12.21:302][  8]LogPhysics: Warning: Found bad index buffer when cooking UModelComponent physics data! Component: /Game/ThirdPersonBP/Maps/ThirdPersonExampleMap.ThirdPersonExampleMap:PersistentLevel.ModelComponent_1030, Buffer: 0, Buffer Size: 0, Element: 1
[2018.08.28-15.12.21:302][  8]LogPhysics: Warning: Found bad index buffer when cooking UModelComponent physics data! Component: /Game/ThirdPersonBP/Maps/ThirdPersonExampleMap.ThirdPersonExampleMap:PersistentLevel.ModelComponent_1030, Buffer: 0, Buffer Size: 0, Element: 2
[2018.08.28-15.12.21:302][  8]LogPhysics: Warning: Found bad index buffer when cooking UModelComponent physics data! Component: /Game/ThirdPersonBP/Maps/ThirdPersonExampleMap.ThirdPersonExampleMap:PersistentLevel.ModelComponent_1030, Buffer: 0, Buffer Size: 0, Element: 3
[2018.08.28-15.12.21:302][  8]LogPhysics: Warning: Found bad index buffer when cooking UModelComponent physics data! Component: /Game/ThirdPersonBP/Maps/ThirdPersonExampleMap.ThirdPersonExampleMap:PersistentLevel.ModelComponent_1030, Buffer: 0, Buffer Size: 0, Element: 4
[2018.08.28-15.12.21:303][  8]LogPhysics: Warning: Found bad index buffer when cooking UModelComponent physics data! Component: /Game/ThirdPersonBP/Maps/ThirdPersonExampleMap.ThirdPersonExampleMap:PersistentLevel.ModelComponent_1030, Buffer: 0, Buffer Size: 0, Element: 5
[2018.08.28-15.12.21:303][  8]LogPhysics: Warning: Found bad index buffer when cooking UModelComponent physics data! Component: /Game/ThirdPersonBP/Maps/ThirdPersonExampleMap.ThirdPersonExampleMap:PersistentLevel.ModelComponent_1030, Buffer: 0, Buffer Size: 0, Element: 6
[2018.08.28-15.12.21:303][  8]LogPhysics: Warning: Found bad index buffer when cooking UModelComponent physics data! Component: /Game/ThirdPersonBP/Maps/ThirdPersonExampleMap.ThirdPersonExampleMap:PersistentLevel.ModelComponent_1030, Buffer: 0, Buffer Size: 0, Element: 7
[2018.08.28-15.12.21:303][  8]LogPhysics: Warning: Found bad index buffer when cooking UModelComponent physics data! Component: /Game/ThirdPersonBP/Maps/ThirdPersonExampleMap.ThirdPersonExampleMap:PersistentLevel.ModelComponent_1030, Buffer: 0, Buffer Size: 0, Element: 8
[2018.08.28-15.12.21:303][  8]LogPhysics: Warning: Found bad index buffer when cooking UModelComponent physics data! Component: /Game/ThirdPersonBP/Maps/ThirdPersonExampleMap.ThirdPersonExampleMap:PersistentLevel.ModelComponent_1030, Buffer: 0, Buffer Size: 0, Element: 9
[2018.08.28-15.12.21:303][  8]LogPhysics: Warning: Found bad index buffer when cooking UModelComponent physics data! Component: /Game/ThirdPersonBP/Maps/ThirdPersonExampleMap.ThirdPersonExampleMap:PersistentLevel.ModelComponent_1030, Buffer: 0, Buffer Size: 0, Element: 10
[2018.08.28-15.12.21:303][  8]LogPhysics: Warning: Found bad index buffer when cooking UModelComponent physics data! Component: /Game/ThirdPersonBP/Maps/ThirdPersonExampleMap.ThirdPersonExampleMap:PersistentLevel.ModelComponent_1030, Buffer: 0, Buffer Size: 0, Element: 11
[2018.08.28-15.12.21:303][  8]LogPhysics: Warning: Found bad index buffer when cooking UModelComponent physics data! Component: /Game/ThirdPersonBP/Maps/ThirdPersonExampleMap.ThirdPersonExampleMap:PersistentLevel.ModelComponent_1030, Buffer: 0, Buffer Size: 0, Element: 12
[2018.08.28-15.12.21:303][  8]LogPhysics: Warning: Found bad index buffer when cooking UModelComponent physics data! Component: /Game/ThirdPersonBP/Maps/ThirdPersonExampleMap.ThirdPersonExampleMap:PersistentLevel.ModelComponent_1030, Buffer: 0, Buffer Size: 0, Element: 13
[2018.08.28-15.12.21:303][  8]LogPhysics: Warning: UBodySetup::GetCookInfo: Triangle data from '/Game/ThirdPersonBP/Maps/ThirdPersonExampleMap.ThirdPersonExampleMap:PersistentLevel.ModelComponent_1030' invalid (472 verts, 0 indices).
[2018.08.28-15.12.21:303][  8]LogPhysics: Warning: Attempt to build physics data for /Game/ThirdPersonBP/Maps/ThirdPersonExampleMap.ThirdPersonExampleMap:PersistentLevel.ModelComponent_1030.BodySetup_0 when we are unable to.
[2018.08.28-15.12.21:303][  8]LogPhysics: Warning: Found bad index buffer when cooking UModelComponent physics data! Component: /Game/ThirdPersonBP/Maps/ThirdPersonExampleMap.ThirdPersonExampleMap:PersistentLevel.ModelComponent_1031, Buffer: 0, Buffer Size: 0, Element: 0
[2018.08.28-15.12.21:303][  8]LogPhysics: Warning: Found bad index buffer when cooking UModelComponent physics data! Component: /Game/ThirdPersonBP/Maps/ThirdPersonExampleMap.ThirdPersonExampleMap:PersistentLevel.ModelComponent_1031, Buffer: 0, Buffer Size: 0, Element: 1
[2018.08.28-15.12.21:303][  8]LogPhysics: Warning: Found bad index buffer when cooking UModelComponent physics data! Component: /Game/ThirdPersonBP/Maps/ThirdPersonExampleMap.ThirdPersonExampleMap:PersistentLevel.ModelComponent_1031, Buffer: 0, Buffer Size: 0, Element: 2
[2018.08.28-15.12.21:303][  8]LogPhysics: Warning: Found bad index buffer when cooking UModelComponent physics data! Component: /Game/ThirdPersonBP/Maps/ThirdPersonExampleMap.ThirdPersonExampleMap:PersistentLevel.ModelComponent_1031, Buffer: 0, Buffer Size: 0, Element: 3
[2018.08.28-15.12.21:303][  8]LogPhysics: Warning: Found bad index buffer when cooking UModelComponent physics data! Component: /Game/ThirdPersonBP/Maps/ThirdPersonExampleMap.ThirdPersonExampleMap:PersistentLevel.ModelComponent_1031, Buffer: 0, Buffer Size: 0, Element: 4
[2018.08.28-15.12.21:303][  8]LogPhysics: Warning: Found bad index buffer when cooking UModelComponent physics data! Component: /Game/ThirdPersonBP/Maps/ThirdPersonExampleMap.ThirdPersonExampleMap:PersistentLevel.ModelComponent_1031, Buffer: 0, Buffer Size: 0, Element: 5
[2018.08.28-15.12.21:303][  8]LogPhysics: Warning: Found bad index buffer when cooking UModelComponent physics data! Component: /Game/ThirdPersonBP/Maps/ThirdPersonExampleMap.ThirdPersonExampleMap:PersistentLevel.ModelComponent_1031, Buffer: 0, Buffer Size: 0, Element: 6
[2018.08.28-15.12.21:303][  8]LogPhysics: Warning: Found bad index buffer when cooking UModelComponent physics data! Component: /Game/ThirdPersonBP/Maps/ThirdPersonExampleMap.ThirdPersonExampleMap:PersistentLevel.ModelComponent_1031, Buffer: 0, Buffer Size: 0, Element: 7
[2018.08.28-15.12.21:303][  8]LogPhysics: Warning: UBodySetup::GetCookInfo: Triangle data from '/Game/ThirdPersonBP/Maps/ThirdPersonExampleMap.ThirdPersonExampleMap:PersistentLevel.ModelComponent_1031' invalid (472 verts, 0 indices).
[2018.08.28-15.12.21:303][  8]LogPhysics: Warning: Attempt to build physics data for /Game/ThirdPersonBP/Maps/ThirdPersonExampleMap.ThirdPersonExampleMap:PersistentLevel.ModelComponent_1031.BodySetup_0 when we are unable to.
[2018.08.28-15.12.21:305][  8]LogActorComponent: ~FComponentReregisterContext: (/Game/ThirdPersonBP/Maps/ThirdPersonExampleMap.ThirdPersonExampleMap:PersistentLevel.centersquarewithcurb12_19.BrushComponent0) Component already registered.
[2018.08.28-15.12.21:306][  8]LogActorComponent: ~FComponentReregisterContext: (/Game/ThirdPersonBP/Maps/ThirdPersonExampleMap.ThirdPersonExampleMap:PersistentLevel.centersquarewithcurb5.BrushComponent0) Component already registered.
[2018.08.28-15.12.32:080][283]LogSlate: FSceneViewport::OnFocusLost() reason 2
[2018.08.28-15.12.36:806][814]LogEditorViewport: Clicking on Actor (LMB): BP_Sky_Sphere_C (SkySphereBlueprint)
[2018.08.28-15.12.45:134][758]LogSlate: FSceneViewport::OnFocusLost() reason 0
[2018.08.28-15.12.45:374][769]LogSavePackage: Moving '../../../../../../Users/Richard/Documents/Unreal Projects/EAE3010RTendean003/Saved/ThirdPersonExampleMapFDE8648C4063FF4475148B86666FC6DD.tmp' to '../../../../../../Users/Richard/Documents/Unreal Projects/EAE3010RTendean003/Content/ThirdPersonBP/Maps/ThirdPersonExampleMap.umap'
[2018.08.28-15.12.45:469][769]LogSavePackage: Moving '../../../../../../Users/Richard/Documents/Unreal Projects/EAE3010RTendean003/Saved/ThirdPersonExampleMap_BuiltData18BA17094472BBDCCD8C1E9E575815EA.tmp' to '../../../../../../Users/Richard/Documents/Unreal Projects/EAE3010RTendean003/Content/ThirdPersonBP/Maps/ThirdPersonExampleMap_BuiltData.uasset'
[2018.08.28-15.13.05:340][131]LogSlate: FSceneViewport::OnFocusLost() reason 2
[2018.08.28-15.13.25:560][523]LogSlate: FSceneViewport::OnFocusLost() reason 0
[2018.08.28-15.13.29:250][963]LogActorFactory: Actor Factory created Cylinder
[2018.08.28-15.13.32:647][368]LogActorFactory: Actor Factory created Cylinder
[2018.08.28-15.13.38:844][105]LogSlate: FSceneViewport::OnFocusLost() reason 2
[2018.08.28-15.13.39:985][241]LogSlate: FSceneViewport::OnFocusLost() reason 2
[2018.08.28-15.14.19:159][929]LogSlate: FSceneViewport::OnFocusLost() reason 2
[2018.08.28-15.14.28:737][ 73]LogEditorViewport: Clicking on Actor (LMB): StaticMeshActor (Cylinder)
[2018.08.28-15.14.44:538][960]Cmd: DELETE
[2018.08.28-15.14.44:538][960]Cmd: ACTOR DELETE
[2018.08.28-15.14.44:541][960]LogEditorActor: Deleted Actor: StaticMeshActor
[2018.08.28-15.14.44:559][960]LogEditorActor: Deleted 1 Actors (0.020 secs)
[2018.08.28-15.14.46:494][192]LogSlate: FSceneViewport::OnFocusLost() reason 0
[2018.08.28-15.14.46:646][210]LogActorFactory: Actor Factory created Cylinder
[2018.08.28-15.14.48:172][392]LogActorFactory: Actor Factory created Cylinder
[2018.08.28-15.15.00:108][818]LogSlate: Took 0.005520 seconds to synchronously load lazily loaded font '../../../Engine/Content/Slate/Fonts/Roboto-Italic.ttf' (157K)
[2018.08.28-15.15.01:137][941]LogSlate: FSceneViewport::OnFocusLost() reason 0
[2018.08.28-15.15.10:693][ 81]LogEditorViewport: Clicking on Actor (context menu): StaticMeshActor (Cylinder)
[2018.08.28-15.15.10:715][ 81]LogSlate: FSceneViewport::OnFocusLost() reason 2
[2018.08.28-15.16.43:554][168]LogEditorViewport: Clicking Background
[2018.08.28-15.16.46:915][570]LogSlate: FSceneViewport::OnFocusLost() reason 0
[2018.08.28-15.16.55:252][561]LogEditorViewport: Clicking Background
[2018.08.28-15.17.05:933][835]LogEditorViewport: Clicking on Actor (LMB): StaticMeshActor (Cylinder)
[2018.08.28-15.17.08:853][181]LogSlate: FSceneViewport::OnFocusLost() reason 0
[2018.08.28-15.17.16:658][114]MapCheck: New page: Map Check
[2018.08.28-15.17.16:669][114]Cmd: MAP REBUILD ALLVISIBLE
[2018.08.28-15.17.16:673][114]LogEditorServer: Rebuildmap Clear paths rebuilt
[2018.08.28-15.17.16:725][114]LogMaterial: Display: Missing cached shader map for material FDebugViewModeMaterialProxy MaterialInstanceDynamic_0, compiling. 
[2018.08.28-15.17.16:732][114]LogShaderCompilers: Display: Shaders left to compile 1
[2018.08.28-15.17.16:732][114]LogMaterial: Display: Missing cached shader map for material FDebugViewModeMaterialProxy HelpActorMaterial, compiling. 
[2018.08.28-15.17.16:737][114]LogMaterial: Display: Missing cached shader map for material FDebugViewModeMaterialProxy DefaultTextMaterialOpaque, compiling. 
[2018.08.28-15.17.16:743][114]LogMaterial: Display: Missing cached shader map for material FDebugViewModeMaterialProxy WorldGridMaterial, compiling. Is special engine material.
[2018.08.28-15.17.16:748][114]LogMaterial: Display: Missing cached shader map for material FDebugViewModeMaterialProxy M_Whitebox_1, compiling. 
[2018.08.28-15.17.16:753][114]LogShaderCompilers: Display: Shaders left to compile 3
[2018.08.28-15.17.16:753][114]LogMaterial: Display: Missing cached shader map for material FDebugViewModeMaterialProxy M_UE4Man_Body, compiling. 
[2018.08.28-15.17.16:760][114]LogMaterial: Display: Missing cached shader map for material FDebugViewModeMaterialProxy M_UE4Man_ChestLogo, compiling. 
[2018.08.28-15.17.16:765][114]LogMaterial: Display: Missing cached shader map for material FDebugViewModeMaterialProxy MatineeCam_mat, compiling. 
[2018.08.28-15.17.16:770][114]LogMaterial: Display: Missing cached shader map for material FDebugViewModeMaterialProxy BasicShapeMaterial, compiling. 
[2018.08.28-15.17.17:713][114]LogShaderCompilers: Display: Shaders left to compile 7
[2018.08.28-15.17.17:713][114]LogShaderCompilers: Display: Shaders left to compile 6
[2018.08.28-15.17.17:713][114]LogShaderCompilers: Display: Shaders left to compile 5
[2018.08.28-15.17.17:713][114]LogShaderCompilers: Display: Shaders left to compile 4
[2018.08.28-15.17.17:713][114]LogShaderCompilers: Display: Shaders left to compile 3
[2018.08.28-15.17.17:713][114]LogShaderCompilers: Display: Shaders left to compile 2
[2018.08.28-15.17.17:713][114]LogShaderCompilers: Display: Shaders left to compile 1
[2018.08.28-15.17.17:713][114]TextureStreamingBuild: Display: Compiling optional shaders took 0.992 seconds.
[2018.08.28-15.17.17:739][114]LogLevel: Display: Export Material TexCoord Scales took 0.026 seconds.
[2018.08.28-15.17.17:752][114]TextureStreamingBuild: Display: Build Texture Streaming took 0.012 seconds.
[2018.08.28-15.17.17:770][114]LightingResults: New page: Lighting Build - Aug 28, 2018, 3:17:17 AM
[2018.08.28-15.17.17:823][114]LogSwarmInterface: [OpenConnection] Registering TCP channel ...
[2018.08.28-15.17.17:902][114]LogSwarmInterface: [OpenConnection] Connecting to agent ...
[2018.08.28-15.17.17:960][114]LogSwarmInterface: [TryOpenConnection] Testing the Agent
[2018.08.28-15.17.18:491][114]LogSwarmInterface: [TryOpenConnection] Opening Connection to Agent
[2018.08.28-15.17.18:491][114]LogSwarmInterface: [TryOpenConnection] Local Process ID is 10252
[2018.08.28-15.17.27:945][114]LogStaticLightingSystem: Running Lightmass w/ ImmediateImport mode ENABLED
[2018.08.28-15.17.27:945][114]LogStaticLightingSystem: Running Lightmass w/ ImmediateProcess mode ENABLED
[2018.08.28-15.17.27:945][114]LogStaticLightingSystem: Running Lightmass w/ Sorting mode ENABLED
[2018.08.28-15.17.27:945][114]LogStaticLightingSystem: Running Lightmass w/ Mapping paddings ENABLED
[2018.08.28-15.17.27:945][114]LogStaticLightingSystem: Running Lightmass w/ Mapping debug paddings DISABLED
[2018.08.28-15.17.28:079][114]Cmd: MAP CHECK DONTDISPLAYDIALOG
[2018.08.28-15.17.28:079][114]MapCheck: New page: ThirdPersonExampleMap - Aug 28, 2018, 3:17:28 AM
[2018.08.28-15.17.28:079][114]MapCheck: Error: WorldInfo_0 Maps need lighting rebuilt 
[2018.08.28-15.17.28:183][114]MapCheck: Map check complete: 1 Error(s), 0 Warning(s), took 104.131ms to complete.
[2018.08.28-15.17.28:206][114]LogEditorBuildUtils: Build time 0:11
[2018.08.28-15.17.28:235][114]LogMaterial: Display: Missing cached shader map for material FLightmassMaterialRenderer M_Whitebox_1, compiling. 
[2018.08.28-15.17.28:242][114]LogMaterial: Display: Missing cached shader map for material FLightmassMaterialRenderer M_Whitebox_1, compiling. 
[2018.08.28-15.17.28:266][114]LogShaderCompilers: Display: Shaders left to compile 2
[2018.08.28-15.17.28:266][114]LogShaderCompilers: Display: Shaders left to compile 2
[2018.08.28-15.17.29:972][182]Job is a success!
[2018.08.28-15.17.30:058][183]LogVolumetricLightmapImport: Imported Volumetric Lightmap in 0.015s
[2018.08.28-15.17.30:058][183]LogVolumetricLightmapImport:      Indirection Texture 16x16x16 = 0.0Mb
[2018.08.28-15.17.30:058][183]LogVolumetricLightmapImport:      BrickData 15x5x5 = 0.0Mb
[2018.08.28-15.17.30:058][183]LogVolumetricLightmapImport:      Bricks at Level
[2018.08.28-15.17.30:058][183]LogVolumetricLightmapImport:          0: 33.3% covering 100.0% of volume
[2018.08.28-15.17.30:058][183]LogVolumetricLightmapImport:          1: 66.7% covering 3.1% of volume
[2018.08.28-15.17.30:058][183]LogVolumetricLightmapImport:          2: 0.0% covering 0.0% of volume
[2018.08.28-15.17.30:110][183]LogTexture: Display: Building textures: SkyOcclusion0_1 (AutoDXT, 256X128)
[2018.08.28-15.17.30:110][183]LogTexture: Display: Building textures: HQ_Lightmap0_1 (AutoDXT, 256X256)
[2018.08.28-15.17.30:110][183]LogTexture: Display: Building textures: LQ_Lightmap_0_1 (DXT1, 256X256)
[2018.08.28-15.17.30:110][183]LogTexture: Display: Building textures: SkyOcclusion0_2 (AutoDXT, 64X32)
[2018.08.28-15.17.30:110][183]LogTexture: Display: Building textures: HQ_Lightmap0_2 (AutoDXT, 64X64)
[2018.08.28-15.17.30:110][183]LogTexture: Display: Building textures: LQ_Lightmap_0_2 (DXT1, 64X64)
[2018.08.28-15.17.30:110][183]LogTexture: Display: Building textures: SkyOcclusion0_3 (AutoDXT, 64X32)
[2018.08.28-15.17.30:110][183]LogTexture: Display: Building textures: HQ_Lightmap0_3 (AutoDXT, 64X64)
[2018.08.28-15.17.30:110][183]LogTexture: Display: Building textures: LQ_Lightmap_0_3 (DXT1, 64X64)
[2018.08.28-15.17.30:110][183]LogTexture: Display: Building textures: ShadowMapTexture2D_1 (G8, 32X32)
[2018.08.28-15.17.30:110][183]LogTexture: Display: Building textures: ShadowMapTexture2D_4 (G8, 32X32)
[2018.08.28-15.17.30:110][183]LogTexture: Display: Building textures: ShadowMapTexture2D_0 (G8, 128X128)
[2018.08.28-15.17.30:152][183]Lightmass on DESKTOP-2B: 723 ms total, 84 ms importing, 5 ms setup, 233 ms photons, 365 ms processing, 0 ms extra exporting [36/36 mappings]. Threads: 1.76 sec total, 138 ms processing.
[2018.08.28-15.17.30:182][183]LogStaticLightingSystem: Illumination: 12.3 sec (15 ms encoding lightmaps, 18 ms encoding shadowmaps)
[2018.08.28-15.17.30:182][183]LogStaticLightingSystem: Lightmap texture memory:  0.2 MB (0.0 MB streaming, 0.2 MB non-streaming), 6 textures
[2018.08.28-15.17.30:182][183]LogStaticLightingSystem: Shadowmap texture memory: 0.0 MB (0.0 MB streaming, 0.0 MB non-streaming), 3 textures
[2018.08.28-15.17.30:954][183]DumpUnbuiltLightIteractions
[2018.08.28-15.17.30:954][183]Lights with unbuilt interactions: 0
[2018.08.28-15.17.30:954][183]
[2018.08.28-15.17.30:954][183]Primitives with unbuilt interactions: 0
[2018.08.28-15.17.31:010][184]Cmd: MAP CHECK NOTIFYRESULTS
[2018.08.28-15.17.31:010][184]MapCheck: New page: ThirdPersonExampleMap - Aug 28, 2018, 3:17:31 AM
[2018.08.28-15.17.31:111][184]MapCheck: Map check complete: 0 Error(s), 0 Warning(s), took 102.154ms to complete.
[2018.08.28-15.17.33:224][435]LogSlate: Window 'Message Log' being destroyed
[2018.08.28-15.17.33:227][435]LogSlate: Window 'Message Log' being destroyed
[2018.08.28-15.17.41:165][381]LogEditorViewport: Clicking on Actor (LMB): StaticMeshActor (Cylinder)
[2018.08.28-15.17.41:620][435]LogEditorViewport: Clicking on Actor (LMB): StaticMeshActor (Cylinder)
[2018.08.28-15.17.44:848][817]LogEditorViewport: Clicking Background
[2018.08.28-15.17.49:616][386]LogSlate: FSceneViewport::OnFocusLost() reason 0
[2018.08.28-15.18.18:283][808]LogEditorViewport: Clicking on Actor (LMB): BP_Sky_Sphere_C (SkySphereBlueprint)
[2018.08.28-15.18.18:800][867]LogEditorViewport: Clicking on Actor (LMB): StaticMeshActor (Cylinder)
[2018.08.28-15.18.19:646][964]Cmd: DELETE
[2018.08.28-15.18.19:646][964]Cmd: ACTOR DELETE
[2018.08.28-15.18.19:649][964]LogEditorActor: Deleted Actor: StaticMeshActor
[2018.08.28-15.18.19:667][964]LogEditorActor: Deleted 1 Actors (0.021 secs)
[2018.08.28-15.18.23:739][449]LogSlate: FSceneViewport::OnFocusLost() reason 0
[2018.08.28-15.18.26:326][756]Cmd: BRUSH ADD SELECTNEWBRUSH
[2018.08.28-15.18.27:214][860]Cmd: TRANSACTION UNDO
[2018.08.28-15.18.27:214][860]LogEditorTransaction: Undo Brush Add
[2018.08.28-15.18.28:368][994]LogSlate: FSceneViewport::OnFocusLost() reason 2
[2018.08.28-15.18.30:639][266]LogSlate: FSceneViewport::OnFocusLost() reason 0
[2018.08.28-15.18.33:881][653]Cmd: BRUSH ADD SELECTNEWBRUSH
[2018.08.28-15.18.39:178][285]LogSlate: FSceneViewport::OnFocusLost() reason 0
[2018.08.28-15.18.55:914][281]LogSlate: FSceneViewport::OnFocusLost() reason 0
[2018.08.28-15.19.08:632][796]LogSlate: FSceneViewport::OnFocusLost() reason 0
[2018.08.28-15.19.56:267][460]LogEditorViewport: Clicking Background
[2018.08.28-15.20.06:345][656]LogEditorViewport: Clicking on Actor (LMB): Brush (Cylinder Brush)
[2018.08.28-15.20.09:849][ 67]LogEditorViewport: Clicking Background
[2018.08.28-15.20.19:219][181]LogEditorViewport: Clicking on Actor (LMB): Brush (Cylinder Brush)
[2018.08.28-15.20.20:127][286]LogSlate: FSceneViewport::OnFocusLost() reason 0
[2018.08.28-15.20.24:963][853]LogEditorViewport: Clicking Background
[2018.08.28-15.20.27:731][182]LogEditorViewport: Clicking on Actor (LMB): Brush (Cylinder Brush)
[2018.08.28-15.20.31:439][620]LogEditorViewport: Clicking Background
[2018.08.28-15.20.39:956][630]LogEditorViewport: Clicking on Actor (LMB): Brush (Cylinder Brush)
[2018.08.28-15.20.41:761][843]LogSlate: FSceneViewport::OnFocusLost() reason 0
[2018.08.28-15.20.42:800][956]LogEditorViewport: Clicking Background
[2018.08.28-15.20.54:741][371]LogEditorViewport: Clicking on Actor (LMB): Brush (Cylinder Brush2)
[2018.08.28-15.20.59:831][979]LogSlate: FSceneViewport::OnFocusLost() reason 0
[2018.08.28-15.21.01:794][206]Cmd: TRANSACTION UNDO
[2018.08.28-15.21.01:794][206]LogEditorTransaction: Undo Modifier [Brush Clip]
[2018.08.28-15.21.01:808][206]LogActorComponent: ~FComponentReregisterContext: (/Game/ThirdPersonBP/Maps/ThirdPersonExampleMap.ThirdPersonExampleMap:PersistentLevel.centersquarewithcurb2_1.BrushComponent0) Component already registered.
[2018.08.28-15.21.01:810][206]LogActorComponent: ~FComponentReregisterContext: (/Game/ThirdPersonBP/Maps/ThirdPersonExampleMap.ThirdPersonExampleMap:PersistentLevel.centerrectangle2.BrushComponent0) Component already registered.
[2018.08.28-15.21.01:816][206]LogActorComponent: RegisterComponentWithWorld: (/Game/ThirdPersonBP/Maps/ThirdPersonExampleMap.ThirdPersonExampleMap:PersistentLevel.CylinderBrush2_31.BrushComponent0) Trying to register component with IsPendingKill() == true. Aborting.
[2018.08.28-15.21.03:390][387]LogEditorViewport: Clicking Background
[2018.08.28-15.21.23:235][742]LogEditorViewport: Clicking on Actor (LMB): Brush (Cylinder Brush2)
[2018.08.28-15.21.24:262][863]LogSlate: FSceneViewport::OnFocusLost() reason 0
[2018.08.28-15.21.25:458][997]LogEditorViewport: Clicking Background
[2018.08.28-15.21.27:387][226]LogEditorViewport: Clicking on Actor (LMB): Brush (Cylinder Brush3)
[2018.08.28-15.21.32:177][797]LogSlate: FSceneViewport::OnFocusLost() reason 2
[2018.08.28-15.21.38:819][549]LogEditorViewport: Clicking on Actor (LMB): BP_Sky_Sphere_C (SkySphereBlueprint)
[2018.08.28-15.21.45:157][292]LogSlate: FSceneViewport::OnFocusLost() reason 0
[2018.08.28-15.22.01:465][200]LogSlate: FSceneViewport::OnFocusLost() reason 2
[2018.08.28-15.22.01:494][200]LogSlate: FSceneViewport::OnFocusLost() reason 2
[2018.08.28-15.22.14:104][700]LogGeometryMode: Warning: Unable to find CylinderBrush3 Brush(s) in new BSP
[2018.08.28-15.22.14:104][700]LogGeometryMode: Warning: Unable to find all previously selected geometry data, resetting selection
[2018.08.28-15.22.15:537][867]LogSlate: FSceneViewport::OnFocusLost() reason 0
[2018.08.28-15.22.24:438][904]LogSlate: FSceneViewport::OnFocusLost() reason 2
[2018.08.28-15.22.29:542][515]LogSlate: FSceneViewport::OnFocusLost() reason 0
[2018.08.28-15.22.37:971][515]LogEditorViewport: Clicking Background
[2018.08.28-15.22.44:205][257]LogEditorViewport: Clicking Background
[2018.08.28-15.22.45:334][392]LogEditorViewport: Clicking on Actor (LMB): Brush (Cylinder Brush3)
[2018.08.28-15.22.46:924][580]LogSlate: FSceneViewport::OnFocusLost() reason 0
[2018.08.28-15.22.47:681][661]LogEditorViewport: Clicking Background
[2018.08.28-15.22.55:200][553]LogEditorViewport: Clicking on Actor (LMB): Brush (Cylinder Brush4)
[2018.08.28-15.22.56:342][688]LogSlate: FSceneViewport::OnFocusLost() reason 0
[2018.08.28-15.23.00:056][117]LogEditorViewport: Clicking on Actor (LMB): BP_Sky_Sphere_C (SkySphereBlueprint)
[2018.08.28-15.23.09:918][288]LogSlate: FSceneViewport::OnFocusLost() reason 0
[2018.08.28-15.23.14:629][850]LogEditorViewport: Clicking on Actor (LMB): BP_Sky_Sphere_C (SkySphereBlueprint)
[2018.08.28-15.23.21:884][710]LogSlate: FSceneViewport::OnFocusLost() reason 2
[2018.08.28-15.23.24:407][ 11]Cmd: DUPLICATE
[2018.08.28-15.23.24:407][ 11]Cmd: ACTOR DUPLICATE
[2018.08.28-15.23.30:731][742]LogSlate: FSceneViewport::OnFocusLost() reason 0
[2018.08.28-15.23.44:630][390]LogEditorViewport: Clicking Background
[2018.08.28-15.23.45:941][545]LogEditorViewport: Clicking on Actor (LMB): Brush (Cylinder Brush6)
[2018.08.28-15.23.47:589][737]Cmd: DUPLICATE
[2018.08.28-15.23.47:589][737]Cmd: ACTOR DUPLICATE
[2018.08.28-15.23.56:133][740]LogSlate: FSceneViewport::OnFocusLost() reason 0
[2018.08.28-15.23.58:756][ 48]LogEditorViewport: Clicking on Actor (LMB): Brush (Cylinder Brush7)
[2018.08.28-15.24.05:698][870]LogSlate: FSceneViewport::OnFocusLost() reason 0
[2018.08.28-15.24.13:800][826]Cmd: DUPLICATE
[2018.08.28-15.24.13:800][826]Cmd: ACTOR DUPLICATE
[2018.08.28-15.24.16:755][166]LogSlate: FSceneViewport::OnFocusLost() reason 0
[2018.08.28-15.24.26:482][317]LogSlate: FSceneViewport::OnFocusLost() reason 0
[2018.08.28-15.24.40:242][950]LogEditorViewport: Clicking Background
[2018.08.28-15.24.43:520][339]LogSlate: FSceneViewport::OnFocusLost() reason 0
[2018.08.28-15.24.43:845][349]LogSavePackage: Moving '../../../../../../Users/Richard/Documents/Unreal Projects/EAE3010RTendean003/Saved/ThirdPersonExampleMap73AAC21040DA7AA8355DC2871BD1AFA4.tmp' to '../../../../../../Users/Richard/Documents/Unreal Projects/EAE3010RTendean003/Content/ThirdPersonBP/Maps/ThirdPersonExampleMap.umap'
[2018.08.28-15.24.43:898][349]LogSavePackage: Moving '../../../../../../Users/Richard/Documents/Unreal Projects/EAE3010RTendean003/Saved/ThirdPersonExampleMap_BuiltData119228CB4F45E18B3A534BA4E0E4E92F.tmp' to '../../../../../../Users/Richard/Documents/Unreal Projects/EAE3010RTendean003/Content/ThirdPersonBP/Maps/ThirdPersonExampleMap_BuiltData.uasset'
[2018.08.28-15.24.44:900][467]LogSlate: FSceneViewport::OnFocusLost() reason 0
[2018.08.28-15.24.57:268][943]LogSlate: FSceneViewport::OnFocusLost() reason 0
[2018.08.28-15.25.23:319][ 30]LogSavePackage: Moving '../../../../../../Users/Richard/Documents/Unreal Projects/EAE3010RTendean003/Saved/ThirdPersonExampleMap5D385B2D485170FB3E3E499D77C4037E.tmp' to '../../../../../../Users/Richard/Documents/Unreal Projects/EAE3010RTendean003/Content/ThirdPersonBP/Maps/ThirdPersonExampleMap.umap'
[2018.08.28-15.25.23:359][ 30]LogSavePackage: Moving '../../../../../../Users/Richard/Documents/Unreal Projects/EAE3010RTendean003/Saved/ThirdPersonExampleMap_BuiltDataA0E54F19496450C9017CFDAC0638412E.tmp' to '../../../../../../Users/Richard/Documents/Unreal Projects/EAE3010RTendean003/Content/ThirdPersonBP/Maps/ThirdPersonExampleMap_BuiltData.uasset'
[2018.08.28-15.25.47:545][921]LogSlate: FSceneViewport::OnFocusLost() reason 0
[2018.08.28-15.25.58:581][231]LogSlate: FSceneViewport::OnFocusLost() reason 0
[2018.08.28-15.28.27:588][ 47]LogEditorViewport: Clicking on Actor (LMB): BP_Sky_Sphere_C (SkySphereBlueprint)
[2018.08.28-15.28.28:642][170]LogSlate: FSceneViewport::OnFocusLost() reason 0
[2018.08.28-15.28.28:887][181]LogSavePackage: Moving '../../../../../../Users/Richard/Documents/Unreal Projects/EAE3010RTendean003/Saved/ThirdPersonExampleMap46D1178F494FBE941BDB54A6C3556781.tmp' to '../../../../../../Users/Richard/Documents/Unreal Projects/EAE3010RTendean003/Content/ThirdPersonBP/Maps/ThirdPersonExampleMap.umap'
[2018.08.28-15.28.28:925][181]LogSavePackage: Moving '../../../../../../Users/Richard/Documents/Unreal Projects/EAE3010RTendean003/Saved/ThirdPersonExampleMap_BuiltDataDF40990F4158B45969B1B996157F23A3.tmp' to '../../../../../../Users/Richard/Documents/Unreal Projects/EAE3010RTendean003/Content/ThirdPersonBP/Maps/ThirdPersonExampleMap_BuiltData.uasset'
[2018.08.28-15.30.20:406][479]LogSavePackage: Moving '../../../../../../Users/Richard/Documents/Unreal Projects/EAE3010RTendean003/Saved/ThirdPersonExampleMap9F2AB71547AD04AC07776782E4702030.tmp' to '../../../../../../Users/Richard/Documents/Unreal Projects/EAE3010RTendean003/Content/ThirdPersonBP/Maps/ThirdPersonExampleMap.umap'
[2018.08.28-15.30.20:449][479]LogSavePackage: Moving '../../../../../../Users/Richard/Documents/Unreal Projects/EAE3010RTendean003/Saved/ThirdPersonExampleMap_BuiltDataB5808E22412112EA48B6B3B443CBDA12.tmp' to '../../../../../../Users/Richard/Documents/Unreal Projects/EAE3010RTendean003/Content/ThirdPersonBP/Maps/ThirdPersonExampleMap_BuiltData.uasset'
